{"/home/marcestellers/Desarrollo_web2/Practica2/src/app.js": {"path":"/home/marcestellers/Desarrollo_web2/Practica2/src/app.js","statementMap":{"0":{"start":{"line":11,"column":12},"end":{"line":11,"column":21}},"1":{"start":{"line":13,"column":0},"end":{"line":13,"column":24}},"2":{"start":{"line":15,"column":0},"end":{"line":15,"column":18}},"3":{"start":{"line":17,"column":0},"end":{"line":17,"column":33}},"4":{"start":{"line":19,"column":0},"end":{"line":19,"column":17}},"5":{"start":{"line":21,"column":0},"end":{"line":21,"column":77}},"6":{"start":{"line":23,"column":0},"end":{"line":23,"column":68}},"7":{"start":{"line":25,"column":0},"end":{"line":25,"column":24}},"8":{"start":{"line":27,"column":0},"end":{"line":32,"column":3}},"9":{"start":{"line":28,"column":4},"end":{"line":31,"column":7}},"10":{"start":{"line":34,"column":0},"end":{"line":34,"column":22}}},"fnMap":{"0":{"name":"(anonymous_0)","decl":{"start":{"line":27,"column":13},"end":{"line":27,"column":14}},"loc":{"start":{"line":27,"column":27},"end":{"line":32,"column":1}},"line":27}},"branchMap":{},"s":{"0":4,"1":4,"2":4,"3":4,"4":4,"5":4,"6":4,"7":4,"8":4,"9":0,"10":4},"f":{"0":0},"b":{},"_coverageSchema":"1a1c01bbd47fc00a2c39e90264f33305004495a9","hash":"808a22fd68356ecbff5693595b1b41a84209fcd5"}
,"/home/marcestellers/Desarrollo_web2/Practica2/src/config/db.js": {"path":"/home/marcestellers/Desarrollo_web2/Practica2/src/config/db.js","statementMap":{"0":{"start":{"line":5,"column":18},"end":{"line":17,"column":1}},"1":{"start":{"line":6,"column":19},"end":{"line":6,"column":29}},"2":{"start":{"line":7,"column":20},"end":{"line":7,"column":31}},"3":{"start":{"line":8,"column":4},"end":{"line":16,"column":5}},"4":{"start":{"line":9,"column":8},"end":{"line":11,"column":11}},"5":{"start":{"line":12,"column":8},"end":{"line":12,"column":43}},"6":{"start":{"line":14,"column":8},"end":{"line":14,"column":68}},"7":{"start":{"line":15,"column":8},"end":{"line":15,"column":24}},"8":{"start":{"line":19,"column":0},"end":{"line":21,"column":3}},"9":{"start":{"line":20,"column":4},"end":{"line":20,"column":44}},"10":{"start":{"line":23,"column":0},"end":{"line":27,"column":3}},"11":{"start":{"line":24,"column":4},"end":{"line":24,"column":38}},"12":{"start":{"line":25,"column":4},"end":{"line":25,"column":46}},"13":{"start":{"line":26,"column":4},"end":{"line":26,"column":20}}},"fnMap":{"0":{"name":"(anonymous_0)","decl":{"start":{"line":5,"column":18},"end":{"line":5,"column":19}},"loc":{"start":{"line":5,"column":30},"end":{"line":17,"column":1}},"line":5},"1":{"name":"(anonymous_1)","decl":{"start":{"line":19,"column":39},"end":{"line":19,"column":40}},"loc":{"start":{"line":19,"column":45},"end":{"line":21,"column":1}},"line":19},"2":{"name":"(anonymous_2)","decl":{"start":{"line":23,"column":21},"end":{"line":23,"column":22}},"loc":{"start":{"line":23,"column":33},"end":{"line":27,"column":1}},"line":23}},"branchMap":{},"s":{"0":0,"1":0,"2":0,"3":0,"4":0,"5":0,"6":0,"7":0,"8":0,"9":0,"10":0,"11":0,"12":0,"13":0},"f":{"0":0,"1":0,"2":0},"b":{}}
,"/home/marcestellers/Desarrollo_web2/Practica2/src/config/env.js": {"path":"/home/marcestellers/Desarrollo_web2/Practica2/src/config/env.js","statementMap":{"0":{"start":{"line":3,"column":18},"end":{"line":18,"column":2}},"1":{"start":{"line":20,"column":15},"end":{"line":20,"column":47}},"2":{"start":{"line":22,"column":0},"end":{"line":26,"column":1}},"3":{"start":{"line":23,"column":4},"end":{"line":23,"column":53}},"4":{"start":{"line":24,"column":4},"end":{"line":24,"column":54}},"5":{"start":{"line":25,"column":4},"end":{"line":25,"column":20}},"6":{"start":{"line":28,"column":12},"end":{"line":28,"column":23}}},"fnMap":{},"branchMap":{"0":{"loc":{"start":{"line":22,"column":0},"end":{"line":26,"column":1}},"type":"if","locations":[{"start":{"line":22,"column":0},"end":{"line":26,"column":1}},{"start":{},"end":{}}],"line":22}},"s":{"0":4,"1":4,"2":4,"3":0,"4":0,"5":0,"6":4},"f":{},"b":{"0":[0,4]},"_coverageSchema":"1a1c01bbd47fc00a2c39e90264f33305004495a9","hash":"f5e0db48951f3fff8784934a61ddc55f8739b102"}
,"/home/marcestellers/Desarrollo_web2/Practica2/src/controllers/client.controller.js": {"path":"/home/marcestellers/Desarrollo_web2/Practica2/src/controllers/client.controller.js","statementMap":{"0":{"start":{"line":5,"column":28},"end":{"line":18,"column":1}},"1":{"start":{"line":6,"column":35},"end":{"line":6,"column":43}},"2":{"start":{"line":8,"column":4},"end":{"line":8,"column":78}},"3":{"start":{"line":8,"column":18},"end":{"line":8,"column":78}},"4":{"start":{"line":10,"column":21},"end":{"line":10,"column":73}},"5":{"start":{"line":11,"column":4},"end":{"line":11,"column":93}},"6":{"start":{"line":11,"column":18},"end":{"line":11,"column":93}},"7":{"start":{"line":13,"column":19},"end":{"line":13,"column":70}},"8":{"start":{"line":15,"column":4},"end":{"line":15,"column":64}},"9":{"start":{"line":17,"column":4},"end":{"line":17,"column":37}},"10":{"start":{"line":20,"column":26},"end":{"line":45,"column":1}},"11":{"start":{"line":21,"column":24},"end":{"line":21,"column":32}},"12":{"start":{"line":23,"column":4},"end":{"line":23,"column":78}},"13":{"start":{"line":23,"column":18},"end":{"line":23,"column":78}},"14":{"start":{"line":25,"column":64},"end":{"line":25,"column":73}},"15":{"start":{"line":27,"column":19},"end":{"line":27,"column":46}},"16":{"start":{"line":28,"column":4},"end":{"line":28,"column":60}},"17":{"start":{"line":28,"column":14},"end":{"line":28,"column":60}},"18":{"start":{"line":30,"column":17},"end":{"line":30,"column":51}},"19":{"start":{"line":31,"column":23},"end":{"line":31,"column":58}},"20":{"start":{"line":32,"column":23},"end":{"line":32,"column":60}},"21":{"start":{"line":34,"column":20},"end":{"line":37,"column":29}},"22":{"start":{"line":39,"column":4},"end":{"line":44,"column":7}},"23":{"start":{"line":47,"column":25},"end":{"line":56,"column":1}},"24":{"start":{"line":48,"column":24},"end":{"line":48,"column":32}},"25":{"start":{"line":50,"column":4},"end":{"line":50,"column":78}},"26":{"start":{"line":50,"column":18},"end":{"line":50,"column":78}},"27":{"start":{"line":52,"column":19},"end":{"line":52,"column":88}},"28":{"start":{"line":53,"column":4},"end":{"line":53,"column":52}},"29":{"start":{"line":53,"column":17},"end":{"line":53,"column":52}},"30":{"start":{"line":55,"column":4},"end":{"line":55,"column":25}},"31":{"start":{"line":58,"column":28},"end":{"line":79,"column":1}},"32":{"start":{"line":59,"column":24},"end":{"line":59,"column":32}},"33":{"start":{"line":61,"column":4},"end":{"line":61,"column":78}},"34":{"start":{"line":61,"column":18},"end":{"line":61,"column":78}},"35":{"start":{"line":63,"column":19},"end":{"line":63,"column":44}},"36":{"start":{"line":66,"column":4},"end":{"line":74,"column":5}},"37":{"start":{"line":67,"column":8},"end":{"line":71,"column":10}},"38":{"start":{"line":73,"column":8},"end":{"line":73,"column":80}},"39":{"start":{"line":76,"column":4},"end":{"line":76,"column":52}},"40":{"start":{"line":76,"column":17},"end":{"line":76,"column":52}},"41":{"start":{"line":78,"column":4},"end":{"line":78,"column":89}},"42":{"start":{"line":81,"column":34},"end":{"line":99,"column":1}},"43":{"start":{"line":82,"column":24},"end":{"line":82,"column":32}},"44":{"start":{"line":84,"column":4},"end":{"line":84,"column":78}},"45":{"start":{"line":84,"column":18},"end":{"line":84,"column":78}},"46":{"start":{"line":86,"column":58},"end":{"line":86,"column":67}},"47":{"start":{"line":88,"column":19},"end":{"line":88,"column":45}},"48":{"start":{"line":89,"column":17},"end":{"line":89,"column":51}},"49":{"start":{"line":90,"column":23},"end":{"line":90,"column":58}},"50":{"start":{"line":91,"column":23},"end":{"line":91,"column":60}},"51":{"start":{"line":93,"column":20},"end":{"line":96,"column":29}},"52":{"start":{"line":98,"column":4},"end":{"line":98,"column":77}},"53":{"start":{"line":101,"column":29},"end":{"line":115,"column":1}},"54":{"start":{"line":102,"column":24},"end":{"line":102,"column":32}},"55":{"start":{"line":104,"column":4},"end":{"line":104,"column":78}},"56":{"start":{"line":104,"column":18},"end":{"line":104,"column":78}},"57":{"start":{"line":106,"column":19},"end":{"line":110,"column":5}},"58":{"start":{"line":112,"column":4},"end":{"line":112,"column":62}},"59":{"start":{"line":112,"column":17},"end":{"line":112,"column":62}},"60":{"start":{"line":114,"column":4},"end":{"line":114,"column":56}},"61":{"start":{"line":117,"column":28},"end":{"line":140,"column":1}},"62":{"start":{"line":118,"column":24},"end":{"line":118,"column":32}},"63":{"start":{"line":120,"column":4},"end":{"line":120,"column":78}},"64":{"start":{"line":120,"column":18},"end":{"line":120,"column":78}},"65":{"start":{"line":122,"column":4},"end":{"line":129,"column":5}},"66":{"start":{"line":123,"column":26},"end":{"line":127,"column":10}},"67":{"start":{"line":128,"column":8},"end":{"line":128,"column":98}},"68":{"start":{"line":128,"column":23},"end":{"line":128,"column":98}},"69":{"start":{"line":131,"column":19},"end":{"line":135,"column":5}},"70":{"start":{"line":137,"column":4},"end":{"line":137,"column":52}},"71":{"start":{"line":137,"column":17},"end":{"line":137,"column":52}},"72":{"start":{"line":139,"column":4},"end":{"line":139,"column":25}}},"fnMap":{"0":{"name":"(anonymous_0)","decl":{"start":{"line":5,"column":28},"end":{"line":5,"column":29}},"loc":{"start":{"line":5,"column":48},"end":{"line":18,"column":1}},"line":5},"1":{"name":"(anonymous_1)","decl":{"start":{"line":20,"column":26},"end":{"line":20,"column":27}},"loc":{"start":{"line":20,"column":46},"end":{"line":45,"column":1}},"line":20},"2":{"name":"(anonymous_2)","decl":{"start":{"line":47,"column":25},"end":{"line":47,"column":26}},"loc":{"start":{"line":47,"column":45},"end":{"line":56,"column":1}},"line":47},"3":{"name":"(anonymous_3)","decl":{"start":{"line":58,"column":28},"end":{"line":58,"column":29}},"loc":{"start":{"line":58,"column":48},"end":{"line":79,"column":1}},"line":58},"4":{"name":"(anonymous_4)","decl":{"start":{"line":81,"column":34},"end":{"line":81,"column":35}},"loc":{"start":{"line":81,"column":54},"end":{"line":99,"column":1}},"line":81},"5":{"name":"(anonymous_5)","decl":{"start":{"line":101,"column":29},"end":{"line":101,"column":30}},"loc":{"start":{"line":101,"column":49},"end":{"line":115,"column":1}},"line":101},"6":{"name":"(anonymous_6)","decl":{"start":{"line":117,"column":28},"end":{"line":117,"column":29}},"loc":{"start":{"line":117,"column":48},"end":{"line":140,"column":1}},"line":117}},"branchMap":{"0":{"loc":{"start":{"line":8,"column":4},"end":{"line":8,"column":78}},"type":"if","locations":[{"start":{"line":8,"column":4},"end":{"line":8,"column":78}},{"start":{},"end":{}}],"line":8},"1":{"loc":{"start":{"line":11,"column":4},"end":{"line":11,"column":93}},"type":"if","locations":[{"start":{"line":11,"column":4},"end":{"line":11,"column":93}},{"start":{},"end":{}}],"line":11},"2":{"loc":{"start":{"line":23,"column":4},"end":{"line":23,"column":78}},"type":"if","locations":[{"start":{"line":23,"column":4},"end":{"line":23,"column":78}},{"start":{},"end":{}}],"line":23},"3":{"loc":{"start":{"line":25,"column":12},"end":{"line":25,"column":20}},"type":"default-arg","locations":[{"start":{"line":25,"column":19},"end":{"line":25,"column":20}}],"line":25},"4":{"loc":{"start":{"line":25,"column":22},"end":{"line":25,"column":32}},"type":"default-arg","locations":[{"start":{"line":25,"column":30},"end":{"line":25,"column":32}}],"line":25},"5":{"loc":{"start":{"line":25,"column":40},"end":{"line":25,"column":59}},"type":"default-arg","locations":[{"start":{"line":25,"column":47},"end":{"line":25,"column":59}}],"line":25},"6":{"loc":{"start":{"line":28,"column":4},"end":{"line":28,"column":60}},"type":"if","locations":[{"start":{"line":28,"column":4},"end":{"line":28,"column":60}},{"start":{},"end":{}}],"line":28},"7":{"loc":{"start":{"line":50,"column":4},"end":{"line":50,"column":78}},"type":"if","locations":[{"start":{"line":50,"column":4},"end":{"line":50,"column":78}},{"start":{},"end":{}}],"line":50},"8":{"loc":{"start":{"line":53,"column":4},"end":{"line":53,"column":52}},"type":"if","locations":[{"start":{"line":53,"column":4},"end":{"line":53,"column":52}},{"start":{},"end":{}}],"line":53},"9":{"loc":{"start":{"line":61,"column":4},"end":{"line":61,"column":78}},"type":"if","locations":[{"start":{"line":61,"column":4},"end":{"line":61,"column":78}},{"start":{},"end":{}}],"line":61},"10":{"loc":{"start":{"line":66,"column":4},"end":{"line":74,"column":5}},"type":"if","locations":[{"start":{"line":66,"column":4},"end":{"line":74,"column":5}},{"start":{"line":72,"column":11},"end":{"line":74,"column":5}}],"line":66},"11":{"loc":{"start":{"line":76,"column":4},"end":{"line":76,"column":52}},"type":"if","locations":[{"start":{"line":76,"column":4},"end":{"line":76,"column":52}},{"start":{},"end":{}}],"line":76},"12":{"loc":{"start":{"line":78,"column":46},"end":{"line":78,"column":74}},"type":"cond-expr","locations":[{"start":{"line":78,"column":55},"end":{"line":78,"column":63}},{"start":{"line":78,"column":66},"end":{"line":78,"column":74}}],"line":78},"13":{"loc":{"start":{"line":84,"column":4},"end":{"line":84,"column":78}},"type":"if","locations":[{"start":{"line":84,"column":4},"end":{"line":84,"column":78}},{"start":{},"end":{}}],"line":84},"14":{"loc":{"start":{"line":86,"column":12},"end":{"line":86,"column":20}},"type":"default-arg","locations":[{"start":{"line":86,"column":19},"end":{"line":86,"column":20}}],"line":86},"15":{"loc":{"start":{"line":86,"column":22},"end":{"line":86,"column":32}},"type":"default-arg","locations":[{"start":{"line":86,"column":30},"end":{"line":86,"column":32}}],"line":86},"16":{"loc":{"start":{"line":86,"column":34},"end":{"line":86,"column":53}},"type":"default-arg","locations":[{"start":{"line":86,"column":41},"end":{"line":86,"column":53}}],"line":86},"17":{"loc":{"start":{"line":104,"column":4},"end":{"line":104,"column":78}},"type":"if","locations":[{"start":{"line":104,"column":4},"end":{"line":104,"column":78}},{"start":{},"end":{}}],"line":104},"18":{"loc":{"start":{"line":112,"column":4},"end":{"line":112,"column":62}},"type":"if","locations":[{"start":{"line":112,"column":4},"end":{"line":112,"column":62}},{"start":{},"end":{}}],"line":112},"19":{"loc":{"start":{"line":120,"column":4},"end":{"line":120,"column":78}},"type":"if","locations":[{"start":{"line":120,"column":4},"end":{"line":120,"column":78}},{"start":{},"end":{}}],"line":120},"20":{"loc":{"start":{"line":122,"column":4},"end":{"line":129,"column":5}},"type":"if","locations":[{"start":{"line":122,"column":4},"end":{"line":129,"column":5}},{"start":{},"end":{}}],"line":122},"21":{"loc":{"start":{"line":128,"column":8},"end":{"line":128,"column":98}},"type":"if","locations":[{"start":{"line":128,"column":8},"end":{"line":128,"column":98}},{"start":{},"end":{}}],"line":128},"22":{"loc":{"start":{"line":137,"column":4},"end":{"line":137,"column":52}},"type":"if","locations":[{"start":{"line":137,"column":4},"end":{"line":137,"column":52}},{"start":{},"end":{}}],"line":137}},"s":{"0":4,"1":31,"2":31,"3":0,"4":31,"5":31,"6":1,"7":30,"8":30,"9":30,"10":4,"11":2,"12":2,"13":0,"14":2,"15":2,"16":2,"17":1,"18":2,"19":2,"20":2,"21":2,"22":2,"23":4,"24":2,"25":2,"26":0,"27":2,"28":2,"29":1,"30":1,"31":4,"32":4,"33":4,"34":0,"35":4,"36":4,"37":3,"38":1,"39":4,"40":0,"41":4,"42":4,"43":1,"44":1,"45":0,"46":1,"47":1,"48":1,"49":1,"50":1,"51":1,"52":1,"53":4,"54":1,"55":1,"56":0,"57":1,"58":1,"59":0,"60":1,"61":4,"62":1,"63":1,"64":0,"65":1,"66":0,"67":0,"68":0,"69":1,"70":1,"71":0,"72":1},"f":{"0":31,"1":2,"2":2,"3":4,"4":1,"5":1,"6":1},"b":{"0":[0,31],"1":[1,30],"2":[0,2],"3":[2],"4":[2],"5":[2],"6":[1,1],"7":[0,2],"8":[1,1],"9":[0,4],"10":[3,1],"11":[0,4],"12":[3,1],"13":[0,1],"14":[1],"15":[1],"16":[1],"17":[0,1],"18":[0,1],"19":[0,1],"20":[0,1],"21":[0,0],"22":[0,1]},"_coverageSchema":"1a1c01bbd47fc00a2c39e90264f33305004495a9","hash":"6ecfa3dfa53fc161b0d4b5881d32be49917719ea"}
,"/home/marcestellers/Desarrollo_web2/Practica2/src/controllers/deliverynote.controller.js": {"path":"/home/marcestellers/Desarrollo_web2/Practica2/src/controllers/deliverynote.controller.js","statementMap":{"0":{"start":{"line":8,"column":34},"end":{"line":26,"column":1}},"1":{"start":{"line":9,"column":35},"end":{"line":9,"column":43}},"2":{"start":{"line":11,"column":4},"end":{"line":11,"column":78}},"3":{"start":{"line":11,"column":18},"end":{"line":11,"column":78}},"4":{"start":{"line":13,"column":20},"end":{"line":13,"column":93}},"5":{"start":{"line":14,"column":4},"end":{"line":14,"column":54}},"6":{"start":{"line":14,"column":18},"end":{"line":14,"column":54}},"7":{"start":{"line":16,"column":25},"end":{"line":21,"column":6}},"8":{"start":{"line":23,"column":4},"end":{"line":23,"column":76}},"9":{"start":{"line":25,"column":4},"end":{"line":25,"column":43}},"10":{"start":{"line":28,"column":32},"end":{"line":58,"column":1}},"11":{"start":{"line":29,"column":24},"end":{"line":29,"column":32}},"12":{"start":{"line":31,"column":4},"end":{"line":31,"column":78}},"13":{"start":{"line":31,"column":18},"end":{"line":31,"column":78}},"14":{"start":{"line":33,"column":100},"end":{"line":33,"column":109}},"15":{"start":{"line":35,"column":19},"end":{"line":35,"column":46}},"16":{"start":{"line":36,"column":4},"end":{"line":36,"column":42}},"17":{"start":{"line":36,"column":17},"end":{"line":36,"column":42}},"18":{"start":{"line":37,"column":4},"end":{"line":37,"column":41}},"19":{"start":{"line":37,"column":17},"end":{"line":37,"column":41}},"20":{"start":{"line":38,"column":4},"end":{"line":38,"column":41}},"21":{"start":{"line":38,"column":17},"end":{"line":38,"column":41}},"22":{"start":{"line":39,"column":4},"end":{"line":39,"column":64}},"23":{"start":{"line":39,"column":30},"end":{"line":39,"column":64}},"24":{"start":{"line":40,"column":4},"end":{"line":44,"column":5}},"25":{"start":{"line":41,"column":8},"end":{"line":41,"column":29}},"26":{"start":{"line":42,"column":8},"end":{"line":42,"column":56}},"27":{"start":{"line":42,"column":18},"end":{"line":42,"column":56}},"28":{"start":{"line":43,"column":8},"end":{"line":43,"column":54}},"29":{"start":{"line":43,"column":18},"end":{"line":43,"column":54}},"30":{"start":{"line":46,"column":17},"end":{"line":46,"column":51}},"31":{"start":{"line":47,"column":23},"end":{"line":47,"column":64}},"32":{"start":{"line":48,"column":23},"end":{"line":48,"column":60}},"33":{"start":{"line":50,"column":26},"end":{"line":55,"column":29}},"34":{"start":{"line":57,"column":4},"end":{"line":57,"column":83}},"35":{"start":{"line":60,"column":31},"end":{"line":73,"column":1}},"36":{"start":{"line":61,"column":24},"end":{"line":61,"column":32}},"37":{"start":{"line":63,"column":4},"end":{"line":63,"column":78}},"38":{"start":{"line":63,"column":18},"end":{"line":63,"column":78}},"39":{"start":{"line":65,"column":25},"end":{"line":68,"column":68}},"40":{"start":{"line":70,"column":4},"end":{"line":70,"column":58}},"41":{"start":{"line":70,"column":23},"end":{"line":70,"column":58}},"42":{"start":{"line":72,"column":4},"end":{"line":72,"column":31}},"43":{"start":{"line":75,"column":32},"end":{"line":104,"column":1}},"44":{"start":{"line":76,"column":24},"end":{"line":76,"column":32}},"45":{"start":{"line":78,"column":4},"end":{"line":78,"column":78}},"46":{"start":{"line":78,"column":18},"end":{"line":78,"column":78}},"47":{"start":{"line":79,"column":4},"end":{"line":79,"column":78}},"48":{"start":{"line":79,"column":19},"end":{"line":79,"column":78}},"49":{"start":{"line":81,"column":25},"end":{"line":84,"column":54}},"50":{"start":{"line":86,"column":4},"end":{"line":86,"column":58}},"51":{"start":{"line":86,"column":23},"end":{"line":86,"column":58}},"52":{"start":{"line":87,"column":4},"end":{"line":87,"column":83}},"53":{"start":{"line":87,"column":29},"end":{"line":87,"column":83}},"54":{"start":{"line":89,"column":25},"end":{"line":89,"column":63}},"55":{"start":{"line":91,"column":4},"end":{"line":91,"column":37}},"56":{"start":{"line":92,"column":4},"end":{"line":92,"column":43}},"57":{"start":{"line":93,"column":4},"end":{"line":93,"column":45}},"58":{"start":{"line":95,"column":22},"end":{"line":95,"column":76}},"59":{"start":{"line":96,"column":22},"end":{"line":96,"column":48}},"60":{"start":{"line":98,"column":4},"end":{"line":98,"column":33}},"61":{"start":{"line":99,"column":4},"end":{"line":99,"column":30}},"62":{"start":{"line":101,"column":4},"end":{"line":101,"column":79}},"63":{"start":{"line":103,"column":4},"end":{"line":103,"column":59}},"64":{"start":{"line":106,"column":27},"end":{"line":127,"column":1}},"65":{"start":{"line":107,"column":24},"end":{"line":107,"column":32}},"66":{"start":{"line":109,"column":4},"end":{"line":109,"column":78}},"67":{"start":{"line":109,"column":18},"end":{"line":109,"column":78}},"68":{"start":{"line":111,"column":25},"end":{"line":114,"column":54}},"69":{"start":{"line":116,"column":4},"end":{"line":116,"column":58}},"70":{"start":{"line":116,"column":23},"end":{"line":116,"column":58}},"71":{"start":{"line":118,"column":4},"end":{"line":120,"column":5}},"72":{"start":{"line":119,"column":8},"end":{"line":119,"column":49}},"73":{"start":{"line":122,"column":22},"end":{"line":122,"column":76}},"74":{"start":{"line":124,"column":4},"end":{"line":124,"column":53}},"75":{"start":{"line":125,"column":4},"end":{"line":125,"column":99}},"76":{"start":{"line":126,"column":4},"end":{"line":126,"column":24}},"77":{"start":{"line":129,"column":34},"end":{"line":142,"column":1}},"78":{"start":{"line":130,"column":24},"end":{"line":130,"column":32}},"79":{"start":{"line":132,"column":4},"end":{"line":132,"column":78}},"80":{"start":{"line":132,"column":18},"end":{"line":132,"column":78}},"81":{"start":{"line":134,"column":25},"end":{"line":134,"column":100}},"82":{"start":{"line":135,"column":4},"end":{"line":135,"column":58}},"83":{"start":{"line":135,"column":23},"end":{"line":135,"column":58}},"84":{"start":{"line":137,"column":4},"end":{"line":137,"column":97}},"85":{"start":{"line":137,"column":29},"end":{"line":137,"column":97}},"86":{"start":{"line":139,"column":4},"end":{"line":139,"column":56}},"87":{"start":{"line":141,"column":4},"end":{"line":141,"column":47}}},"fnMap":{"0":{"name":"(anonymous_0)","decl":{"start":{"line":8,"column":34},"end":{"line":8,"column":35}},"loc":{"start":{"line":8,"column":54},"end":{"line":26,"column":1}},"line":8},"1":{"name":"(anonymous_1)","decl":{"start":{"line":28,"column":32},"end":{"line":28,"column":33}},"loc":{"start":{"line":28,"column":52},"end":{"line":58,"column":1}},"line":28},"2":{"name":"(anonymous_2)","decl":{"start":{"line":60,"column":31},"end":{"line":60,"column":32}},"loc":{"start":{"line":60,"column":51},"end":{"line":73,"column":1}},"line":60},"3":{"name":"(anonymous_3)","decl":{"start":{"line":75,"column":32},"end":{"line":75,"column":33}},"loc":{"start":{"line":75,"column":52},"end":{"line":104,"column":1}},"line":75},"4":{"name":"(anonymous_4)","decl":{"start":{"line":106,"column":27},"end":{"line":106,"column":28}},"loc":{"start":{"line":106,"column":47},"end":{"line":127,"column":1}},"line":106},"5":{"name":"(anonymous_5)","decl":{"start":{"line":129,"column":34},"end":{"line":129,"column":35}},"loc":{"start":{"line":129,"column":54},"end":{"line":142,"column":1}},"line":129}},"branchMap":{"0":{"loc":{"start":{"line":11,"column":4},"end":{"line":11,"column":78}},"type":"if","locations":[{"start":{"line":11,"column":4},"end":{"line":11,"column":78}},{"start":{},"end":{}}],"line":11},"1":{"loc":{"start":{"line":14,"column":4},"end":{"line":14,"column":54}},"type":"if","locations":[{"start":{"line":14,"column":4},"end":{"line":14,"column":54}},{"start":{},"end":{}}],"line":14},"2":{"loc":{"start":{"line":31,"column":4},"end":{"line":31,"column":78}},"type":"if","locations":[{"start":{"line":31,"column":4},"end":{"line":31,"column":78}},{"start":{},"end":{}}],"line":31},"3":{"loc":{"start":{"line":33,"column":12},"end":{"line":33,"column":20}},"type":"default-arg","locations":[{"start":{"line":33,"column":19},"end":{"line":33,"column":20}}],"line":33},"4":{"loc":{"start":{"line":33,"column":22},"end":{"line":33,"column":32}},"type":"default-arg","locations":[{"start":{"line":33,"column":30},"end":{"line":33,"column":32}}],"line":33},"5":{"loc":{"start":{"line":33,"column":77},"end":{"line":33,"column":95}},"type":"default-arg","locations":[{"start":{"line":33,"column":84},"end":{"line":33,"column":95}}],"line":33},"6":{"loc":{"start":{"line":36,"column":4},"end":{"line":36,"column":42}},"type":"if","locations":[{"start":{"line":36,"column":4},"end":{"line":36,"column":42}},{"start":{},"end":{}}],"line":36},"7":{"loc":{"start":{"line":37,"column":4},"end":{"line":37,"column":41}},"type":"if","locations":[{"start":{"line":37,"column":4},"end":{"line":37,"column":41}},{"start":{},"end":{}}],"line":37},"8":{"loc":{"start":{"line":38,"column":4},"end":{"line":38,"column":41}},"type":"if","locations":[{"start":{"line":38,"column":4},"end":{"line":38,"column":41}},{"start":{},"end":{}}],"line":38},"9":{"loc":{"start":{"line":39,"column":4},"end":{"line":39,"column":64}},"type":"if","locations":[{"start":{"line":39,"column":4},"end":{"line":39,"column":64}},{"start":{},"end":{}}],"line":39},"10":{"loc":{"start":{"line":40,"column":4},"end":{"line":44,"column":5}},"type":"if","locations":[{"start":{"line":40,"column":4},"end":{"line":44,"column":5}},{"start":{},"end":{}}],"line":40},"11":{"loc":{"start":{"line":40,"column":8},"end":{"line":40,"column":18}},"type":"binary-expr","locations":[{"start":{"line":40,"column":8},"end":{"line":40,"column":12}},{"start":{"line":40,"column":16},"end":{"line":40,"column":18}}],"line":40},"12":{"loc":{"start":{"line":42,"column":8},"end":{"line":42,"column":56}},"type":"if","locations":[{"start":{"line":42,"column":8},"end":{"line":42,"column":56}},{"start":{},"end":{}}],"line":42},"13":{"loc":{"start":{"line":43,"column":8},"end":{"line":43,"column":54}},"type":"if","locations":[{"start":{"line":43,"column":8},"end":{"line":43,"column":54}},{"start":{},"end":{}}],"line":43},"14":{"loc":{"start":{"line":63,"column":4},"end":{"line":63,"column":78}},"type":"if","locations":[{"start":{"line":63,"column":4},"end":{"line":63,"column":78}},{"start":{},"end":{}}],"line":63},"15":{"loc":{"start":{"line":70,"column":4},"end":{"line":70,"column":58}},"type":"if","locations":[{"start":{"line":70,"column":4},"end":{"line":70,"column":58}},{"start":{},"end":{}}],"line":70},"16":{"loc":{"start":{"line":78,"column":4},"end":{"line":78,"column":78}},"type":"if","locations":[{"start":{"line":78,"column":4},"end":{"line":78,"column":78}},{"start":{},"end":{}}],"line":78},"17":{"loc":{"start":{"line":79,"column":4},"end":{"line":79,"column":78}},"type":"if","locations":[{"start":{"line":79,"column":4},"end":{"line":79,"column":78}},{"start":{},"end":{}}],"line":79},"18":{"loc":{"start":{"line":86,"column":4},"end":{"line":86,"column":58}},"type":"if","locations":[{"start":{"line":86,"column":4},"end":{"line":86,"column":58}},{"start":{},"end":{}}],"line":86},"19":{"loc":{"start":{"line":87,"column":4},"end":{"line":87,"column":83}},"type":"if","locations":[{"start":{"line":87,"column":4},"end":{"line":87,"column":83}},{"start":{},"end":{}}],"line":87},"20":{"loc":{"start":{"line":109,"column":4},"end":{"line":109,"column":78}},"type":"if","locations":[{"start":{"line":109,"column":4},"end":{"line":109,"column":78}},{"start":{},"end":{}}],"line":109},"21":{"loc":{"start":{"line":116,"column":4},"end":{"line":116,"column":58}},"type":"if","locations":[{"start":{"line":116,"column":4},"end":{"line":116,"column":58}},{"start":{},"end":{}}],"line":116},"22":{"loc":{"start":{"line":118,"column":4},"end":{"line":120,"column":5}},"type":"if","locations":[{"start":{"line":118,"column":4},"end":{"line":120,"column":5}},{"start":{},"end":{}}],"line":118},"23":{"loc":{"start":{"line":132,"column":4},"end":{"line":132,"column":78}},"type":"if","locations":[{"start":{"line":132,"column":4},"end":{"line":132,"column":78}},{"start":{},"end":{}}],"line":132},"24":{"loc":{"start":{"line":135,"column":4},"end":{"line":135,"column":58}},"type":"if","locations":[{"start":{"line":135,"column":4},"end":{"line":135,"column":58}},{"start":{},"end":{}}],"line":135},"25":{"loc":{"start":{"line":137,"column":4},"end":{"line":137,"column":97}},"type":"if","locations":[{"start":{"line":137,"column":4},"end":{"line":137,"column":97}},{"start":{},"end":{}}],"line":137}},"s":{"0":4,"1":9,"2":9,"3":0,"4":9,"5":9,"6":1,"7":8,"8":8,"9":8,"10":4,"11":2,"12":2,"13":0,"14":2,"15":2,"16":2,"17":0,"18":2,"19":0,"20":2,"21":1,"22":2,"23":0,"24":2,"25":0,"26":0,"27":0,"28":0,"29":0,"30":2,"31":2,"32":2,"33":2,"34":2,"35":4,"36":1,"37":1,"38":0,"39":1,"40":1,"41":0,"42":1,"43":4,"44":0,"45":0,"46":0,"47":0,"48":0,"49":0,"50":0,"51":0,"52":0,"53":0,"54":0,"55":0,"56":0,"57":0,"58":0,"59":0,"60":0,"61":0,"62":0,"63":0,"64":4,"65":0,"66":0,"67":0,"68":0,"69":0,"70":0,"71":0,"72":0,"73":0,"74":0,"75":0,"76":0,"77":4,"78":3,"79":3,"80":0,"81":3,"82":3,"83":1,"84":2,"85":0,"86":2,"87":2},"f":{"0":9,"1":2,"2":1,"3":0,"4":0,"5":3},"b":{"0":[0,9],"1":[1,8],"2":[0,2],"3":[2],"4":[2],"5":[2],"6":[0,2],"7":[0,2],"8":[1,1],"9":[0,2],"10":[0,2],"11":[2,2],"12":[0,0],"13":[0,0],"14":[0,1],"15":[0,1],"16":[0,0],"17":[0,0],"18":[0,0],"19":[0,0],"20":[0,0],"21":[0,0],"22":[0,0],"23":[0,3],"24":[1,2],"25":[0,2]},"_coverageSchema":"1a1c01bbd47fc00a2c39e90264f33305004495a9","hash":"53330263386ca398758da5206f9aa9159211a3e8"}
,"/home/marcestellers/Desarrollo_web2/Practica2/src/controllers/project.controller.js": {"path":"/home/marcestellers/Desarrollo_web2/Practica2/src/controllers/project.controller.js","statementMap":{"0":{"start":{"line":6,"column":29},"end":{"line":22,"column":1}},"1":{"start":{"line":7,"column":35},"end":{"line":7,"column":43}},"2":{"start":{"line":9,"column":4},"end":{"line":9,"column":78}},"3":{"start":{"line":9,"column":18},"end":{"line":9,"column":78}},"4":{"start":{"line":11,"column":19},"end":{"line":11,"column":90}},"5":{"start":{"line":12,"column":4},"end":{"line":12,"column":52}},"6":{"start":{"line":12,"column":17},"end":{"line":12,"column":52}},"7":{"start":{"line":14,"column":21},"end":{"line":14,"column":90}},"8":{"start":{"line":15,"column":4},"end":{"line":15,"column":97}},"9":{"start":{"line":15,"column":18},"end":{"line":15,"column":97}},"10":{"start":{"line":17,"column":20},"end":{"line":17,"column":72}},"11":{"start":{"line":19,"column":4},"end":{"line":19,"column":66}},"12":{"start":{"line":21,"column":4},"end":{"line":21,"column":38}},"13":{"start":{"line":24,"column":27},"end":{"line":47,"column":1}},"14":{"start":{"line":25,"column":24},"end":{"line":25,"column":32}},"15":{"start":{"line":27,"column":4},"end":{"line":27,"column":78}},"16":{"start":{"line":27,"column":18},"end":{"line":27,"column":78}},"17":{"start":{"line":29,"column":80},"end":{"line":29,"column":89}},"18":{"start":{"line":31,"column":19},"end":{"line":31,"column":46}},"19":{"start":{"line":32,"column":4},"end":{"line":32,"column":64}},"20":{"start":{"line":32,"column":16},"end":{"line":32,"column":64}},"21":{"start":{"line":33,"column":4},"end":{"line":33,"column":39}},"22":{"start":{"line":33,"column":16},"end":{"line":33,"column":39}},"23":{"start":{"line":34,"column":4},"end":{"line":34,"column":64}},"24":{"start":{"line":34,"column":30},"end":{"line":34,"column":64}},"25":{"start":{"line":36,"column":17},"end":{"line":36,"column":51}},"26":{"start":{"line":37,"column":23},"end":{"line":37,"column":59}},"27":{"start":{"line":38,"column":23},"end":{"line":38,"column":60}},"28":{"start":{"line":40,"column":21},"end":{"line":44,"column":29}},"29":{"start":{"line":46,"column":4},"end":{"line":46,"column":78}},"30":{"start":{"line":49,"column":26},"end":{"line":60,"column":1}},"31":{"start":{"line":50,"column":24},"end":{"line":50,"column":32}},"32":{"start":{"line":52,"column":4},"end":{"line":52,"column":78}},"33":{"start":{"line":52,"column":18},"end":{"line":52,"column":78}},"34":{"start":{"line":54,"column":20},"end":{"line":55,"column":45}},"35":{"start":{"line":57,"column":4},"end":{"line":57,"column":54}},"36":{"start":{"line":57,"column":18},"end":{"line":57,"column":54}},"37":{"start":{"line":59,"column":4},"end":{"line":59,"column":26}},"38":{"start":{"line":62,"column":29},"end":{"line":90,"column":1}},"39":{"start":{"line":63,"column":24},"end":{"line":63,"column":32}},"40":{"start":{"line":65,"column":4},"end":{"line":65,"column":78}},"41":{"start":{"line":65,"column":18},"end":{"line":65,"column":78}},"42":{"start":{"line":67,"column":4},"end":{"line":70,"column":5}},"43":{"start":{"line":68,"column":23},"end":{"line":68,"column":94}},"44":{"start":{"line":69,"column":8},"end":{"line":69,"column":56}},"45":{"start":{"line":69,"column":21},"end":{"line":69,"column":56}},"46":{"start":{"line":72,"column":4},"end":{"line":79,"column":5}},"47":{"start":{"line":73,"column":26},"end":{"line":77,"column":10}},"48":{"start":{"line":78,"column":8},"end":{"line":78,"column":102}},"49":{"start":{"line":78,"column":23},"end":{"line":78,"column":102}},"50":{"start":{"line":81,"column":20},"end":{"line":85,"column":36}},"51":{"start":{"line":87,"column":4},"end":{"line":87,"column":54}},"52":{"start":{"line":87,"column":18},"end":{"line":87,"column":54}},"53":{"start":{"line":89,"column":4},"end":{"line":89,"column":26}},"54":{"start":{"line":92,"column":29},"end":{"line":113,"column":1}},"55":{"start":{"line":93,"column":24},"end":{"line":93,"column":32}},"56":{"start":{"line":95,"column":4},"end":{"line":95,"column":78}},"57":{"start":{"line":95,"column":18},"end":{"line":95,"column":78}},"58":{"start":{"line":97,"column":19},"end":{"line":97,"column":44}},"59":{"start":{"line":100,"column":4},"end":{"line":108,"column":5}},"60":{"start":{"line":101,"column":8},"end":{"line":105,"column":10}},"61":{"start":{"line":107,"column":8},"end":{"line":107,"column":82}},"62":{"start":{"line":110,"column":4},"end":{"line":110,"column":54}},"63":{"start":{"line":110,"column":18},"end":{"line":110,"column":54}},"64":{"start":{"line":112,"column":4},"end":{"line":112,"column":91}},"65":{"start":{"line":115,"column":35},"end":{"line":134,"column":1}},"66":{"start":{"line":116,"column":24},"end":{"line":116,"column":32}},"67":{"start":{"line":118,"column":4},"end":{"line":118,"column":78}},"68":{"start":{"line":118,"column":18},"end":{"line":118,"column":78}},"69":{"start":{"line":120,"column":58},"end":{"line":120,"column":67}},"70":{"start":{"line":122,"column":19},"end":{"line":122,"column":45}},"71":{"start":{"line":123,"column":17},"end":{"line":123,"column":51}},"72":{"start":{"line":124,"column":23},"end":{"line":124,"column":59}},"73":{"start":{"line":125,"column":23},"end":{"line":125,"column":60}},"74":{"start":{"line":127,"column":21},"end":{"line":131,"column":29}},"75":{"start":{"line":133,"column":4},"end":{"line":133,"column":78}},"76":{"start":{"line":136,"column":30},"end":{"line":150,"column":1}},"77":{"start":{"line":137,"column":24},"end":{"line":137,"column":32}},"78":{"start":{"line":139,"column":4},"end":{"line":139,"column":78}},"79":{"start":{"line":139,"column":18},"end":{"line":139,"column":78}},"80":{"start":{"line":141,"column":20},"end":{"line":145,"column":5}},"81":{"start":{"line":147,"column":4},"end":{"line":147,"column":64}},"82":{"start":{"line":147,"column":18},"end":{"line":147,"column":64}},"83":{"start":{"line":149,"column":4},"end":{"line":149,"column":58}}},"fnMap":{"0":{"name":"(anonymous_0)","decl":{"start":{"line":6,"column":29},"end":{"line":6,"column":30}},"loc":{"start":{"line":6,"column":49},"end":{"line":22,"column":1}},"line":6},"1":{"name":"(anonymous_1)","decl":{"start":{"line":24,"column":27},"end":{"line":24,"column":28}},"loc":{"start":{"line":24,"column":47},"end":{"line":47,"column":1}},"line":24},"2":{"name":"(anonymous_2)","decl":{"start":{"line":49,"column":26},"end":{"line":49,"column":27}},"loc":{"start":{"line":49,"column":46},"end":{"line":60,"column":1}},"line":49},"3":{"name":"(anonymous_3)","decl":{"start":{"line":62,"column":29},"end":{"line":62,"column":30}},"loc":{"start":{"line":62,"column":49},"end":{"line":90,"column":1}},"line":62},"4":{"name":"(anonymous_4)","decl":{"start":{"line":92,"column":29},"end":{"line":92,"column":30}},"loc":{"start":{"line":92,"column":49},"end":{"line":113,"column":1}},"line":92},"5":{"name":"(anonymous_5)","decl":{"start":{"line":115,"column":35},"end":{"line":115,"column":36}},"loc":{"start":{"line":115,"column":55},"end":{"line":134,"column":1}},"line":115},"6":{"name":"(anonymous_6)","decl":{"start":{"line":136,"column":30},"end":{"line":136,"column":31}},"loc":{"start":{"line":136,"column":50},"end":{"line":150,"column":1}},"line":136}},"branchMap":{"0":{"loc":{"start":{"line":9,"column":4},"end":{"line":9,"column":78}},"type":"if","locations":[{"start":{"line":9,"column":4},"end":{"line":9,"column":78}},{"start":{},"end":{}}],"line":9},"1":{"loc":{"start":{"line":12,"column":4},"end":{"line":12,"column":52}},"type":"if","locations":[{"start":{"line":12,"column":4},"end":{"line":12,"column":52}},{"start":{},"end":{}}],"line":12},"2":{"loc":{"start":{"line":15,"column":4},"end":{"line":15,"column":97}},"type":"if","locations":[{"start":{"line":15,"column":4},"end":{"line":15,"column":97}},{"start":{},"end":{}}],"line":15},"3":{"loc":{"start":{"line":27,"column":4},"end":{"line":27,"column":78}},"type":"if","locations":[{"start":{"line":27,"column":4},"end":{"line":27,"column":78}},{"start":{},"end":{}}],"line":27},"4":{"loc":{"start":{"line":29,"column":12},"end":{"line":29,"column":20}},"type":"default-arg","locations":[{"start":{"line":29,"column":19},"end":{"line":29,"column":20}}],"line":29},"5":{"loc":{"start":{"line":29,"column":22},"end":{"line":29,"column":32}},"type":"default-arg","locations":[{"start":{"line":29,"column":30},"end":{"line":29,"column":32}}],"line":29},"6":{"loc":{"start":{"line":29,"column":56},"end":{"line":29,"column":75}},"type":"default-arg","locations":[{"start":{"line":29,"column":63},"end":{"line":29,"column":75}}],"line":29},"7":{"loc":{"start":{"line":32,"column":4},"end":{"line":32,"column":64}},"type":"if","locations":[{"start":{"line":32,"column":4},"end":{"line":32,"column":64}},{"start":{},"end":{}}],"line":32},"8":{"loc":{"start":{"line":33,"column":4},"end":{"line":33,"column":39}},"type":"if","locations":[{"start":{"line":33,"column":4},"end":{"line":33,"column":39}},{"start":{},"end":{}}],"line":33},"9":{"loc":{"start":{"line":34,"column":4},"end":{"line":34,"column":64}},"type":"if","locations":[{"start":{"line":34,"column":4},"end":{"line":34,"column":64}},{"start":{},"end":{}}],"line":34},"10":{"loc":{"start":{"line":52,"column":4},"end":{"line":52,"column":78}},"type":"if","locations":[{"start":{"line":52,"column":4},"end":{"line":52,"column":78}},{"start":{},"end":{}}],"line":52},"11":{"loc":{"start":{"line":57,"column":4},"end":{"line":57,"column":54}},"type":"if","locations":[{"start":{"line":57,"column":4},"end":{"line":57,"column":54}},{"start":{},"end":{}}],"line":57},"12":{"loc":{"start":{"line":65,"column":4},"end":{"line":65,"column":78}},"type":"if","locations":[{"start":{"line":65,"column":4},"end":{"line":65,"column":78}},{"start":{},"end":{}}],"line":65},"13":{"loc":{"start":{"line":67,"column":4},"end":{"line":70,"column":5}},"type":"if","locations":[{"start":{"line":67,"column":4},"end":{"line":70,"column":5}},{"start":{},"end":{}}],"line":67},"14":{"loc":{"start":{"line":69,"column":8},"end":{"line":69,"column":56}},"type":"if","locations":[{"start":{"line":69,"column":8},"end":{"line":69,"column":56}},{"start":{},"end":{}}],"line":69},"15":{"loc":{"start":{"line":72,"column":4},"end":{"line":79,"column":5}},"type":"if","locations":[{"start":{"line":72,"column":4},"end":{"line":79,"column":5}},{"start":{},"end":{}}],"line":72},"16":{"loc":{"start":{"line":78,"column":8},"end":{"line":78,"column":102}},"type":"if","locations":[{"start":{"line":78,"column":8},"end":{"line":78,"column":102}},{"start":{},"end":{}}],"line":78},"17":{"loc":{"start":{"line":87,"column":4},"end":{"line":87,"column":54}},"type":"if","locations":[{"start":{"line":87,"column":4},"end":{"line":87,"column":54}},{"start":{},"end":{}}],"line":87},"18":{"loc":{"start":{"line":95,"column":4},"end":{"line":95,"column":78}},"type":"if","locations":[{"start":{"line":95,"column":4},"end":{"line":95,"column":78}},{"start":{},"end":{}}],"line":95},"19":{"loc":{"start":{"line":100,"column":4},"end":{"line":108,"column":5}},"type":"if","locations":[{"start":{"line":100,"column":4},"end":{"line":108,"column":5}},{"start":{"line":106,"column":11},"end":{"line":108,"column":5}}],"line":100},"20":{"loc":{"start":{"line":110,"column":4},"end":{"line":110,"column":54}},"type":"if","locations":[{"start":{"line":110,"column":4},"end":{"line":110,"column":54}},{"start":{},"end":{}}],"line":110},"21":{"loc":{"start":{"line":112,"column":47},"end":{"line":112,"column":75}},"type":"cond-expr","locations":[{"start":{"line":112,"column":56},"end":{"line":112,"column":64}},{"start":{"line":112,"column":67},"end":{"line":112,"column":75}}],"line":112},"22":{"loc":{"start":{"line":118,"column":4},"end":{"line":118,"column":78}},"type":"if","locations":[{"start":{"line":118,"column":4},"end":{"line":118,"column":78}},{"start":{},"end":{}}],"line":118},"23":{"loc":{"start":{"line":120,"column":12},"end":{"line":120,"column":20}},"type":"default-arg","locations":[{"start":{"line":120,"column":19},"end":{"line":120,"column":20}}],"line":120},"24":{"loc":{"start":{"line":120,"column":22},"end":{"line":120,"column":32}},"type":"default-arg","locations":[{"start":{"line":120,"column":30},"end":{"line":120,"column":32}}],"line":120},"25":{"loc":{"start":{"line":120,"column":34},"end":{"line":120,"column":53}},"type":"default-arg","locations":[{"start":{"line":120,"column":41},"end":{"line":120,"column":53}}],"line":120},"26":{"loc":{"start":{"line":139,"column":4},"end":{"line":139,"column":78}},"type":"if","locations":[{"start":{"line":139,"column":4},"end":{"line":139,"column":78}},{"start":{},"end":{}}],"line":139},"27":{"loc":{"start":{"line":147,"column":4},"end":{"line":147,"column":64}},"type":"if","locations":[{"start":{"line":147,"column":4},"end":{"line":147,"column":64}},{"start":{},"end":{}}],"line":147}},"s":{"0":4,"1":21,"2":21,"3":0,"4":21,"5":21,"6":1,"7":20,"8":20,"9":1,"10":19,"11":19,"12":19,"13":4,"14":2,"15":2,"16":0,"17":2,"18":2,"19":2,"20":0,"21":2,"22":0,"23":2,"24":1,"25":2,"26":2,"27":2,"28":2,"29":2,"30":4,"31":1,"32":1,"33":0,"34":1,"35":1,"36":0,"37":1,"38":4,"39":1,"40":1,"41":0,"42":1,"43":0,"44":0,"45":0,"46":1,"47":0,"48":0,"49":0,"50":1,"51":1,"52":0,"53":1,"54":4,"55":3,"56":3,"57":0,"58":3,"59":3,"60":3,"61":0,"62":3,"63":0,"64":3,"65":4,"66":1,"67":1,"68":0,"69":1,"70":1,"71":1,"72":1,"73":1,"74":1,"75":1,"76":4,"77":1,"78":1,"79":0,"80":1,"81":1,"82":0,"83":1},"f":{"0":21,"1":2,"2":1,"3":1,"4":3,"5":1,"6":1},"b":{"0":[0,21],"1":[1,20],"2":[1,19],"3":[0,2],"4":[2],"5":[2],"6":[2],"7":[0,2],"8":[0,2],"9":[1,1],"10":[0,1],"11":[0,1],"12":[0,1],"13":[0,1],"14":[0,0],"15":[0,1],"16":[0,0],"17":[0,1],"18":[0,3],"19":[3,0],"20":[0,3],"21":[3,0],"22":[0,1],"23":[1],"24":[1],"25":[1],"26":[0,1],"27":[0,1]},"_coverageSchema":"1a1c01bbd47fc00a2c39e90264f33305004495a9","hash":"2e3b3082e5b7193cd69130504e6053217f01f740"}
,"/home/marcestellers/Desarrollo_web2/Practica2/src/controllers/user.controller.js": {"path":"/home/marcestellers/Desarrollo_web2/Practica2/src/controllers/user.controller.js","statementMap":{"0":{"start":{"line":10,"column":27},"end":{"line":10,"column":87}},"1":{"start":{"line":10,"column":33},"end":{"line":10,"column":87}},"2":{"start":{"line":12,"column":22},"end":{"line":24,"column":1}},"3":{"start":{"line":13,"column":24},"end":{"line":13,"column":49}},"4":{"start":{"line":14,"column":28},"end":{"line":18,"column":6}},"5":{"start":{"line":20,"column":4},"end":{"line":23,"column":6}},"6":{"start":{"line":26,"column":28},"end":{"line":61,"column":1}},"7":{"start":{"line":27,"column":32},"end":{"line":27,"column":40}},"8":{"start":{"line":28,"column":25},"end":{"line":28,"column":72}},"9":{"start":{"line":30,"column":4},"end":{"line":32,"column":5}},"10":{"start":{"line":31,"column":8},"end":{"line":31,"column":81}},"11":{"start":{"line":34,"column":30},"end":{"line":34,"column":53}},"12":{"start":{"line":35,"column":29},"end":{"line":35,"column":49}},"13":{"start":{"line":38,"column":4},"end":{"line":49,"column":5}},"14":{"start":{"line":39,"column":8},"end":{"line":39,"column":50}},"15":{"start":{"line":40,"column":8},"end":{"line":40,"column":57}},"16":{"start":{"line":41,"column":8},"end":{"line":41,"column":46}},"17":{"start":{"line":42,"column":8},"end":{"line":42,"column":41}},"18":{"start":{"line":44,"column":8},"end":{"line":48,"column":11}},"19":{"start":{"line":51,"column":20},"end":{"line":51,"column":45}},"20":{"start":{"line":53,"column":4},"end":{"line":53,"column":102}},"21":{"start":{"line":55,"column":4},"end":{"line":60,"column":7}},"22":{"start":{"line":63,"column":29},"end":{"line":91,"column":1}},"23":{"start":{"line":64,"column":21},"end":{"line":64,"column":29}},"24":{"start":{"line":66,"column":17},"end":{"line":66,"column":100}},"25":{"start":{"line":68,"column":4},"end":{"line":68,"column":64}},"26":{"start":{"line":68,"column":15},"end":{"line":68,"column":64}},"27":{"start":{"line":69,"column":4},"end":{"line":69,"column":85}},"28":{"start":{"line":69,"column":36},"end":{"line":69,"column":85}},"29":{"start":{"line":71,"column":4},"end":{"line":79,"column":5}},"30":{"start":{"line":72,"column":8},"end":{"line":72,"column":33}},"31":{"start":{"line":73,"column":8},"end":{"line":73,"column":38}},"32":{"start":{"line":74,"column":8},"end":{"line":74,"column":26}},"33":{"start":{"line":76,"column":8},"end":{"line":76,"column":80}},"34":{"start":{"line":78,"column":8},"end":{"line":78,"column":75}},"35":{"start":{"line":81,"column":28},"end":{"line":81,"column":105}},"36":{"start":{"line":82,"column":4},"end":{"line":82,"column":52}},"37":{"start":{"line":84,"column":4},"end":{"line":87,"column":5}},"38":{"start":{"line":85,"column":8},"end":{"line":85,"column":47}},"39":{"start":{"line":86,"column":8},"end":{"line":86,"column":81}},"40":{"start":{"line":89,"column":4},"end":{"line":89,"column":22}},"41":{"start":{"line":90,"column":4},"end":{"line":90,"column":99}},"42":{"start":{"line":93,"column":25},"end":{"line":107,"column":1}},"43":{"start":{"line":94,"column":32},"end":{"line":94,"column":40}},"44":{"start":{"line":95,"column":17},"end":{"line":95,"column":74}},"45":{"start":{"line":97,"column":4},"end":{"line":99,"column":5}},"46":{"start":{"line":98,"column":8},"end":{"line":98,"column":64}},"47":{"start":{"line":101,"column":4},"end":{"line":103,"column":5}},"48":{"start":{"line":102,"column":8},"end":{"line":102,"column":70}},"49":{"start":{"line":105,"column":20},"end":{"line":105,"column":45}},"50":{"start":{"line":106,"column":4},"end":{"line":106,"column":58}},"51":{"start":{"line":109,"column":32},"end":{"line":114,"column":1}},"52":{"start":{"line":110,"column":17},"end":{"line":110,"column":25}},"53":{"start":{"line":111,"column":4},"end":{"line":111,"column":23}},"54":{"start":{"line":112,"column":4},"end":{"line":112,"column":22}},"55":{"start":{"line":113,"column":4},"end":{"line":113,"column":54}},"56":{"start":{"line":116,"column":31},"end":{"line":144,"column":1}},"57":{"start":{"line":117,"column":24},"end":{"line":117,"column":32}},"58":{"start":{"line":118,"column":17},"end":{"line":118,"column":25}},"59":{"start":{"line":120,"column":4},"end":{"line":120,"column":78}},"60":{"start":{"line":120,"column":22},"end":{"line":120,"column":78}},"61":{"start":{"line":122,"column":18},"end":{"line":122,"column":65}},"62":{"start":{"line":124,"column":4},"end":{"line":129,"column":5}},"63":{"start":{"line":125,"column":8},"end":{"line":125,"column":35}},"64":{"start":{"line":126,"column":8},"end":{"line":126,"column":28}},"65":{"start":{"line":127,"column":8},"end":{"line":127,"column":26}},"66":{"start":{"line":128,"column":8},"end":{"line":128,"column":86}},"67":{"start":{"line":131,"column":4},"end":{"line":131,"column":33}},"68":{"start":{"line":132,"column":4},"end":{"line":136,"column":5}},"69":{"start":{"line":133,"column":8},"end":{"line":133,"column":59}},"70":{"start":{"line":134,"column":8},"end":{"line":134,"column":35}},"71":{"start":{"line":135,"column":8},"end":{"line":135,"column":43}},"72":{"start":{"line":138,"column":4},"end":{"line":138,"column":48}},"73":{"start":{"line":139,"column":4},"end":{"line":139,"column":31}},"74":{"start":{"line":140,"column":4},"end":{"line":140,"column":24}},"75":{"start":{"line":141,"column":4},"end":{"line":141,"column":22}},"76":{"start":{"line":143,"column":4},"end":{"line":143,"column":72}},"77":{"start":{"line":146,"column":36},"end":{"line":158,"column":1}},"78":{"start":{"line":147,"column":4},"end":{"line":147,"column":79}},"79":{"start":{"line":147,"column":19},"end":{"line":147,"column":79}},"80":{"start":{"line":148,"column":4},"end":{"line":148,"column":87}},"81":{"start":{"line":148,"column":27},"end":{"line":148,"column":87}},"82":{"start":{"line":150,"column":20},"end":{"line":150,"column":53}},"83":{"start":{"line":151,"column":20},"end":{"line":155,"column":5}},"84":{"start":{"line":157,"column":4},"end":{"line":157,"column":55}},"85":{"start":{"line":160,"column":30},"end":{"line":173,"column":1}},"86":{"start":{"line":161,"column":29},"end":{"line":161,"column":37}},"87":{"start":{"line":162,"column":24},"end":{"line":162,"column":92}},"88":{"start":{"line":164,"column":4},"end":{"line":166,"column":5}},"89":{"start":{"line":165,"column":8},"end":{"line":165,"column":77}},"90":{"start":{"line":168,"column":4},"end":{"line":168,"column":39}},"91":{"start":{"line":169,"column":4},"end":{"line":169,"column":29}},"92":{"start":{"line":171,"column":20},"end":{"line":171,"column":57}},"93":{"start":{"line":172,"column":4},"end":{"line":172,"column":57}},"94":{"start":{"line":175,"column":26},"end":{"line":181,"column":1}},"95":{"start":{"line":176,"column":4},"end":{"line":179,"column":6}},"96":{"start":{"line":180,"column":4},"end":{"line":180,"column":70}},"97":{"start":{"line":183,"column":26},"end":{"line":200,"column":1}},"98":{"start":{"line":184,"column":19},"end":{"line":184,"column":44}},"99":{"start":{"line":185,"column":15},"end":{"line":185,"column":27}},"100":{"start":{"line":188,"column":4},"end":{"line":193,"column":5}},"101":{"start":{"line":189,"column":8},"end":{"line":189,"column":105}},"102":{"start":{"line":191,"column":8},"end":{"line":191,"column":48}},"103":{"start":{"line":192,"column":8},"end":{"line":192,"column":52}},"104":{"start":{"line":195,"column":4},"end":{"line":195,"column":50}},"105":{"start":{"line":195,"column":15},"end":{"line":195,"column":50}},"106":{"start":{"line":197,"column":4},"end":{"line":197,"column":65}},"107":{"start":{"line":199,"column":4},"end":{"line":199,"column":87}},"108":{"start":{"line":202,"column":30},"end":{"line":214,"column":1}},"109":{"start":{"line":203,"column":45},"end":{"line":203,"column":53}},"110":{"start":{"line":204,"column":17},"end":{"line":204,"column":70}},"111":{"start":{"line":206,"column":4},"end":{"line":208,"column":5}},"112":{"start":{"line":207,"column":8},"end":{"line":207,"column":74}},"113":{"start":{"line":210,"column":4},"end":{"line":210,"column":47}},"114":{"start":{"line":211,"column":4},"end":{"line":211,"column":22}},"115":{"start":{"line":213,"column":4},"end":{"line":213,"column":66}},"116":{"start":{"line":216,"column":26},"end":{"line":244,"column":1}},"117":{"start":{"line":217,"column":32},"end":{"line":217,"column":40}},"118":{"start":{"line":218,"column":18},"end":{"line":218,"column":26}},"119":{"start":{"line":220,"column":4},"end":{"line":220,"column":100}},"120":{"start":{"line":220,"column":24},"end":{"line":220,"column":100}},"121":{"start":{"line":222,"column":21},"end":{"line":222,"column":50}},"122":{"start":{"line":223,"column":4},"end":{"line":223,"column":75}},"123":{"start":{"line":223,"column":18},"end":{"line":223,"column":75}},"124":{"start":{"line":225,"column":23},"end":{"line":225,"column":43}},"125":{"start":{"line":226,"column":24},"end":{"line":233,"column":6}},"126":{"start":{"line":235,"column":4},"end":{"line":241,"column":7}},"127":{"start":{"line":243,"column":4},"end":{"line":243,"column":79}},"128":{"start":{"line":246,"column":23},"end":{"line":249,"column":1}},"129":{"start":{"line":247,"column":17},"end":{"line":247,"column":70}},"130":{"start":{"line":248,"column":4},"end":{"line":248,"column":23}}},"fnMap":{"0":{"name":"(anonymous_0)","decl":{"start":{"line":10,"column":27},"end":{"line":10,"column":28}},"loc":{"start":{"line":10,"column":33},"end":{"line":10,"column":87}},"line":10},"1":{"name":"(anonymous_1)","decl":{"start":{"line":12,"column":22},"end":{"line":12,"column":23}},"loc":{"start":{"line":12,"column":38},"end":{"line":24,"column":1}},"line":12},"2":{"name":"(anonymous_2)","decl":{"start":{"line":26,"column":28},"end":{"line":26,"column":29}},"loc":{"start":{"line":26,"column":48},"end":{"line":61,"column":1}},"line":26},"3":{"name":"(anonymous_3)","decl":{"start":{"line":63,"column":29},"end":{"line":63,"column":30}},"loc":{"start":{"line":63,"column":49},"end":{"line":91,"column":1}},"line":63},"4":{"name":"(anonymous_4)","decl":{"start":{"line":93,"column":25},"end":{"line":93,"column":26}},"loc":{"start":{"line":93,"column":45},"end":{"line":107,"column":1}},"line":93},"5":{"name":"(anonymous_5)","decl":{"start":{"line":109,"column":32},"end":{"line":109,"column":33}},"loc":{"start":{"line":109,"column":52},"end":{"line":114,"column":1}},"line":109},"6":{"name":"(anonymous_6)","decl":{"start":{"line":116,"column":31},"end":{"line":116,"column":32}},"loc":{"start":{"line":116,"column":51},"end":{"line":144,"column":1}},"line":116},"7":{"name":"(anonymous_7)","decl":{"start":{"line":146,"column":36},"end":{"line":146,"column":37}},"loc":{"start":{"line":146,"column":56},"end":{"line":158,"column":1}},"line":146},"8":{"name":"(anonymous_8)","decl":{"start":{"line":160,"column":30},"end":{"line":160,"column":31}},"loc":{"start":{"line":160,"column":50},"end":{"line":173,"column":1}},"line":160},"9":{"name":"(anonymous_9)","decl":{"start":{"line":175,"column":26},"end":{"line":175,"column":27}},"loc":{"start":{"line":175,"column":46},"end":{"line":181,"column":1}},"line":175},"10":{"name":"(anonymous_10)","decl":{"start":{"line":183,"column":26},"end":{"line":183,"column":27}},"loc":{"start":{"line":183,"column":46},"end":{"line":200,"column":1}},"line":183},"11":{"name":"(anonymous_11)","decl":{"start":{"line":202,"column":30},"end":{"line":202,"column":31}},"loc":{"start":{"line":202,"column":50},"end":{"line":214,"column":1}},"line":202},"12":{"name":"(anonymous_12)","decl":{"start":{"line":216,"column":26},"end":{"line":216,"column":27}},"loc":{"start":{"line":216,"column":46},"end":{"line":244,"column":1}},"line":216},"13":{"name":"(anonymous_13)","decl":{"start":{"line":246,"column":23},"end":{"line":246,"column":24}},"loc":{"start":{"line":246,"column":43},"end":{"line":249,"column":1}},"line":246}},"branchMap":{"0":{"loc":{"start":{"line":30,"column":4},"end":{"line":32,"column":5}},"type":"if","locations":[{"start":{"line":30,"column":4},"end":{"line":32,"column":5}},{"start":{},"end":{}}],"line":30},"1":{"loc":{"start":{"line":38,"column":4},"end":{"line":49,"column":5}},"type":"if","locations":[{"start":{"line":38,"column":4},"end":{"line":49,"column":5}},{"start":{"line":43,"column":11},"end":{"line":49,"column":5}}],"line":38},"2":{"loc":{"start":{"line":68,"column":4},"end":{"line":68,"column":64}},"type":"if","locations":[{"start":{"line":68,"column":4},"end":{"line":68,"column":64}},{"start":{},"end":{}}],"line":68},"3":{"loc":{"start":{"line":69,"column":4},"end":{"line":69,"column":85}},"type":"if","locations":[{"start":{"line":69,"column":4},"end":{"line":69,"column":85}},{"start":{},"end":{}}],"line":69},"4":{"loc":{"start":{"line":71,"column":4},"end":{"line":79,"column":5}},"type":"if","locations":[{"start":{"line":71,"column":4},"end":{"line":79,"column":5}},{"start":{},"end":{}}],"line":71},"5":{"loc":{"start":{"line":81,"column":28},"end":{"line":81,"column":105}},"type":"cond-expr","locations":[{"start":{"line":81,"column":76},"end":{"line":81,"column":101}},{"start":{"line":81,"column":104},"end":{"line":81,"column":105}}],"line":81},"6":{"loc":{"start":{"line":84,"column":4},"end":{"line":87,"column":5}},"type":"if","locations":[{"start":{"line":84,"column":4},"end":{"line":87,"column":5}},{"start":{},"end":{}}],"line":84},"7":{"loc":{"start":{"line":97,"column":4},"end":{"line":99,"column":5}},"type":"if","locations":[{"start":{"line":97,"column":4},"end":{"line":99,"column":5}},{"start":{},"end":{}}],"line":97},"8":{"loc":{"start":{"line":97,"column":8},"end":{"line":97,"column":58}},"type":"binary-expr","locations":[{"start":{"line":97,"column":8},"end":{"line":97,"column":13}},{"start":{"line":97,"column":17},"end":{"line":97,"column":58}}],"line":97},"9":{"loc":{"start":{"line":101,"column":4},"end":{"line":103,"column":5}},"type":"if","locations":[{"start":{"line":101,"column":4},"end":{"line":103,"column":5}},{"start":{},"end":{}}],"line":101},"10":{"loc":{"start":{"line":120,"column":4},"end":{"line":120,"column":78}},"type":"if","locations":[{"start":{"line":120,"column":4},"end":{"line":120,"column":78}},{"start":{},"end":{}}],"line":120},"11":{"loc":{"start":{"line":124,"column":4},"end":{"line":129,"column":5}},"type":"if","locations":[{"start":{"line":124,"column":4},"end":{"line":129,"column":5}},{"start":{},"end":{}}],"line":124},"12":{"loc":{"start":{"line":132,"column":4},"end":{"line":136,"column":5}},"type":"if","locations":[{"start":{"line":132,"column":4},"end":{"line":136,"column":5}},{"start":{},"end":{}}],"line":132},"13":{"loc":{"start":{"line":147,"column":4},"end":{"line":147,"column":79}},"type":"if","locations":[{"start":{"line":147,"column":4},"end":{"line":147,"column":79}},{"start":{},"end":{}}],"line":147},"14":{"loc":{"start":{"line":148,"column":4},"end":{"line":148,"column":87}},"type":"if","locations":[{"start":{"line":148,"column":4},"end":{"line":148,"column":87}},{"start":{},"end":{}}],"line":148},"15":{"loc":{"start":{"line":164,"column":4},"end":{"line":166,"column":5}},"type":"if","locations":[{"start":{"line":164,"column":4},"end":{"line":166,"column":5}},{"start":{},"end":{}}],"line":164},"16":{"loc":{"start":{"line":164,"column":8},"end":{"line":164,"column":68}},"type":"binary-expr","locations":[{"start":{"line":164,"column":8},"end":{"line":164,"column":20}},{"start":{"line":164,"column":24},"end":{"line":164,"column":47}},{"start":{"line":164,"column":51},"end":{"line":164,"column":68}}],"line":164},"17":{"loc":{"start":{"line":188,"column":4},"end":{"line":193,"column":5}},"type":"if","locations":[{"start":{"line":188,"column":4},"end":{"line":193,"column":5}},{"start":{"line":190,"column":11},"end":{"line":193,"column":5}}],"line":188},"18":{"loc":{"start":{"line":195,"column":4},"end":{"line":195,"column":50}},"type":"if","locations":[{"start":{"line":195,"column":4},"end":{"line":195,"column":50}},{"start":{},"end":{}}],"line":195},"19":{"loc":{"start":{"line":199,"column":46},"end":{"line":199,"column":74}},"type":"cond-expr","locations":[{"start":{"line":199,"column":55},"end":{"line":199,"column":63}},{"start":{"line":199,"column":66},"end":{"line":199,"column":74}}],"line":199},"20":{"loc":{"start":{"line":206,"column":4},"end":{"line":208,"column":5}},"type":"if","locations":[{"start":{"line":206,"column":4},"end":{"line":208,"column":5}},{"start":{},"end":{}}],"line":206},"21":{"loc":{"start":{"line":220,"column":4},"end":{"line":220,"column":100}},"type":"if","locations":[{"start":{"line":220,"column":4},"end":{"line":220,"column":100}},{"start":{},"end":{}}],"line":220},"22":{"loc":{"start":{"line":223,"column":4},"end":{"line":223,"column":75}},"type":"if","locations":[{"start":{"line":223,"column":4},"end":{"line":223,"column":75}},{"start":{},"end":{}}],"line":223},"23":{"loc":{"start":{"line":240,"column":21},"end":{"line":240,"column":56}},"type":"binary-expr","locations":[{"start":{"line":240,"column":21},"end":{"line":240,"column":40}},{"start":{"line":240,"column":44},"end":{"line":240,"column":56}}],"line":240}},"s":{"0":4,"1":46,"2":4,"3":88,"4":88,"5":88,"6":4,"7":46,"8":46,"9":46,"10":0,"11":46,"12":46,"13":46,"14":0,"15":0,"16":0,"17":0,"18":46,"19":46,"20":46,"21":46,"22":4,"23":44,"24":44,"25":44,"26":0,"27":44,"28":0,"29":44,"30":43,"31":43,"32":43,"33":43,"34":43,"35":1,"36":1,"37":1,"38":0,"39":0,"40":1,"41":1,"42":4,"43":43,"44":43,"45":43,"46":1,"47":42,"48":1,"49":41,"50":41,"51":4,"52":34,"53":34,"54":34,"55":34,"56":4,"57":34,"58":34,"59":34,"60":0,"61":34,"62":34,"63":0,"64":0,"65":0,"66":0,"67":34,"68":34,"69":1,"70":1,"71":1,"72":34,"73":34,"74":34,"75":34,"76":34,"77":4,"78":0,"79":0,"80":0,"81":0,"82":0,"83":0,"84":0,"85":4,"86":1,"87":1,"88":1,"89":0,"90":1,"91":1,"92":1,"93":1,"94":4,"95":1,"96":1,"97":4,"98":0,"99":0,"100":0,"101":0,"102":0,"103":0,"104":0,"105":0,"106":0,"107":0,"108":4,"109":2,"110":2,"111":2,"112":1,"113":1,"114":1,"115":1,"116":4,"117":0,"118":0,"119":0,"120":0,"121":0,"122":0,"123":0,"124":0,"125":0,"126":0,"127":0,"128":4,"129":1,"130":1},"f":{"0":46,"1":88,"2":46,"3":44,"4":43,"5":34,"6":34,"7":0,"8":1,"9":1,"10":0,"11":2,"12":0,"13":1},"b":{"0":[0,46],"1":[0,46],"2":[0,44],"3":[0,44],"4":[43,1],"5":[1,0],"6":[0,1],"7":[1,42],"8":[43,43],"9":[1,41],"10":[0,34],"11":[0,34],"12":[1,33],"13":[0,0],"14":[0,0],"15":[0,1],"16":[1,1,1],"17":[0,0],"18":[0,0],"19":[0,0],"20":[1,1],"21":[0,0],"22":[0,0],"23":[0,0]},"_coverageSchema":"1a1c01bbd47fc00a2c39e90264f33305004495a9","hash":"ef1fb4617e10c8bacd376a176abdedc67bf53752"}
,"/home/marcestellers/Desarrollo_web2/Practica2/src/middleware/auth.middleware.js": {"path":"/home/marcestellers/Desarrollo_web2/Practica2/src/middleware/auth.middleware.js","statementMap":{"0":{"start":{"line":5,"column":27},"end":{"line":12,"column":1}},"1":{"start":{"line":6,"column":4},"end":{"line":6,"column":42}},"2":{"start":{"line":6,"column":30},"end":{"line":6,"column":42}},"3":{"start":{"line":8,"column":28},"end":{"line":8,"column":58}},"4":{"start":{"line":9,"column":4},"end":{"line":9,"column":51}},"5":{"start":{"line":9,"column":39},"end":{"line":9,"column":51}},"6":{"start":{"line":11,"column":4},"end":{"line":11,"column":17}},"7":{"start":{"line":14,"column":28},"end":{"line":41,"column":1}},"8":{"start":{"line":15,"column":4},"end":{"line":40,"column":5}},"9":{"start":{"line":16,"column":22},"end":{"line":16,"column":67}},"10":{"start":{"line":18,"column":8},"end":{"line":20,"column":9}},"11":{"start":{"line":19,"column":12},"end":{"line":19,"column":94}},"12":{"start":{"line":22,"column":24},"end":{"line":22,"column":48}},"13":{"start":{"line":24,"column":21},"end":{"line":24,"column":53}},"14":{"start":{"line":26,"column":8},"end":{"line":28,"column":9}},"15":{"start":{"line":27,"column":12},"end":{"line":27,"column":88}},"16":{"start":{"line":30,"column":8},"end":{"line":32,"column":9}},"17":{"start":{"line":31,"column":12},"end":{"line":31,"column":82}},"18":{"start":{"line":34,"column":8},"end":{"line":34,"column":24}},"19":{"start":{"line":35,"column":8},"end":{"line":35,"column":26}},"20":{"start":{"line":37,"column":8},"end":{"line":37,"column":15}},"21":{"start":{"line":39,"column":8},"end":{"line":39,"column":20}}},"fnMap":{"0":{"name":"(anonymous_0)","decl":{"start":{"line":5,"column":27},"end":{"line":5,"column":28}},"loc":{"start":{"line":5,"column":52},"end":{"line":12,"column":1}},"line":5},"1":{"name":"(anonymous_1)","decl":{"start":{"line":14,"column":28},"end":{"line":14,"column":29}},"loc":{"start":{"line":14,"column":54},"end":{"line":41,"column":1}},"line":14}},"branchMap":{"0":{"loc":{"start":{"line":6,"column":4},"end":{"line":6,"column":42}},"type":"if","locations":[{"start":{"line":6,"column":4},"end":{"line":6,"column":42}},{"start":{},"end":{}}],"line":6},"1":{"loc":{"start":{"line":9,"column":4},"end":{"line":9,"column":51}},"type":"if","locations":[{"start":{"line":9,"column":4},"end":{"line":9,"column":51}},{"start":{},"end":{}}],"line":9},"2":{"loc":{"start":{"line":9,"column":8},"end":{"line":9,"column":37}},"type":"binary-expr","locations":[{"start":{"line":9,"column":8},"end":{"line":9,"column":27}},{"start":{"line":9,"column":31},"end":{"line":9,"column":37}}],"line":9},"3":{"loc":{"start":{"line":18,"column":8},"end":{"line":20,"column":9}},"type":"if","locations":[{"start":{"line":18,"column":8},"end":{"line":20,"column":9}},{"start":{},"end":{}}],"line":18},"4":{"loc":{"start":{"line":26,"column":8},"end":{"line":28,"column":9}},"type":"if","locations":[{"start":{"line":26,"column":8},"end":{"line":28,"column":9}},{"start":{},"end":{}}],"line":26},"5":{"loc":{"start":{"line":30,"column":8},"end":{"line":32,"column":9}},"type":"if","locations":[{"start":{"line":30,"column":8},"end":{"line":32,"column":9}},{"start":{},"end":{}}],"line":30}},"s":{"0":4,"1":206,"2":1,"3":205,"4":205,"5":0,"6":205,"7":4,"8":206,"9":206,"10":206,"11":1,"12":205,"13":205,"14":205,"15":0,"16":205,"17":0,"18":205,"19":205,"20":205,"21":0},"f":{"0":206,"1":206},"b":{"0":[1,205],"1":[0,205],"2":[205,205],"3":[1,205],"4":[0,205],"5":[0,205]},"_coverageSchema":"1a1c01bbd47fc00a2c39e90264f33305004495a9","hash":"cd0f52a778ba74d3a84f7ebc71f86266bfae79eb"}
,"/home/marcestellers/Desarrollo_web2/Practica2/src/middleware/error-handler.js": {"path":"/home/marcestellers/Desarrollo_web2/Practica2/src/middleware/error-handler.js","statementMap":{"0":{"start":{"line":4,"column":21},"end":{"line":84,"column":1}},"1":{"start":{"line":5,"column":4},"end":{"line":12,"column":5}},"2":{"start":{"line":6,"column":8},"end":{"line":11,"column":11}},"3":{"start":{"line":14,"column":4},"end":{"line":25,"column":5}},"4":{"start":{"line":15,"column":24},"end":{"line":18,"column":11}},"5":{"start":{"line":15,"column":60},"end":{"line":18,"column":9}},"6":{"start":{"line":19,"column":8},"end":{"line":24,"column":11}},"7":{"start":{"line":27,"column":4},"end":{"line":33,"column":5}},"8":{"start":{"line":28,"column":8},"end":{"line":32,"column":11}},"9":{"start":{"line":35,"column":4},"end":{"line":42,"column":5}},"10":{"start":{"line":36,"column":22},"end":{"line":36,"column":56}},"11":{"start":{"line":37,"column":8},"end":{"line":41,"column":11}},"12":{"start":{"line":44,"column":4},"end":{"line":55,"column":5}},"13":{"start":{"line":45,"column":24},"end":{"line":48,"column":11}},"14":{"start":{"line":45,"column":45},"end":{"line":48,"column":9}},"15":{"start":{"line":49,"column":8},"end":{"line":54,"column":11}},"16":{"start":{"line":57,"column":25},"end":{"line":61,"column":5}},"17":{"start":{"line":63,"column":4},"end":{"line":68,"column":5}},"18":{"start":{"line":64,"column":8},"end":{"line":67,"column":11}},"19":{"start":{"line":70,"column":25},"end":{"line":70,"column":62}},"20":{"start":{"line":72,"column":4},"end":{"line":74,"column":5}},"21":{"start":{"line":73,"column":8},"end":{"line":73,"column":46}},"22":{"start":{"line":76,"column":4},"end":{"line":76,"column":30}},"23":{"start":{"line":78,"column":4},"end":{"line":83,"column":7}}},"fnMap":{"0":{"name":"(anonymous_0)","decl":{"start":{"line":4,"column":21},"end":{"line":4,"column":22}},"loc":{"start":{"line":4,"column":46},"end":{"line":84,"column":1}},"line":4},"1":{"name":"(anonymous_1)","decl":{"start":{"line":15,"column":54},"end":{"line":15,"column":55}},"loc":{"start":{"line":15,"column":60},"end":{"line":18,"column":9}},"line":15},"2":{"name":"(anonymous_2)","decl":{"start":{"line":45,"column":39},"end":{"line":45,"column":40}},"loc":{"start":{"line":45,"column":45},"end":{"line":48,"column":9}},"line":45}},"branchMap":{"0":{"loc":{"start":{"line":5,"column":4},"end":{"line":12,"column":5}},"type":"if","locations":[{"start":{"line":5,"column":4},"end":{"line":12,"column":5}},{"start":{},"end":{}}],"line":5},"1":{"loc":{"start":{"line":10,"column":16},"end":{"line":10,"column":55}},"type":"binary-expr","locations":[{"start":{"line":10,"column":16},"end":{"line":10,"column":27}},{"start":{"line":10,"column":31},"end":{"line":10,"column":55}}],"line":10},"2":{"loc":{"start":{"line":14,"column":4},"end":{"line":25,"column":5}},"type":"if","locations":[{"start":{"line":14,"column":4},"end":{"line":25,"column":5}},{"start":{},"end":{}}],"line":14},"3":{"loc":{"start":{"line":27,"column":4},"end":{"line":33,"column":5}},"type":"if","locations":[{"start":{"line":27,"column":4},"end":{"line":33,"column":5}},{"start":{},"end":{}}],"line":27},"4":{"loc":{"start":{"line":35,"column":4},"end":{"line":42,"column":5}},"type":"if","locations":[{"start":{"line":35,"column":4},"end":{"line":42,"column":5}},{"start":{},"end":{}}],"line":35},"5":{"loc":{"start":{"line":36,"column":34},"end":{"line":36,"column":52}},"type":"binary-expr","locations":[{"start":{"line":36,"column":34},"end":{"line":36,"column":46}},{"start":{"line":36,"column":50},"end":{"line":36,"column":52}}],"line":36},"6":{"loc":{"start":{"line":44,"column":4},"end":{"line":55,"column":5}},"type":"if","locations":[{"start":{"line":44,"column":4},"end":{"line":55,"column":5}},{"start":{},"end":{}}],"line":44},"7":{"loc":{"start":{"line":63,"column":4},"end":{"line":68,"column":5}},"type":"if","locations":[{"start":{"line":63,"column":4},"end":{"line":68,"column":5}},{"start":{},"end":{}}],"line":63},"8":{"loc":{"start":{"line":72,"column":4},"end":{"line":74,"column":5}},"type":"if","locations":[{"start":{"line":72,"column":4},"end":{"line":74,"column":5}},{"start":{},"end":{}}],"line":72},"9":{"loc":{"start":{"line":80,"column":17},"end":{"line":80,"column":94}},"type":"cond-expr","locations":[{"start":{"line":80,"column":32},"end":{"line":80,"column":80}},{"start":{"line":80,"column":83},"end":{"line":80,"column":94}}],"line":80},"10":{"loc":{"start":{"line":82,"column":12},"end":{"line":82,"column":49}},"type":"binary-expr","locations":[{"start":{"line":82,"column":12},"end":{"line":82,"column":25}},{"start":{"line":82,"column":29},"end":{"line":82,"column":49}}],"line":82}},"s":{"0":4,"1":15,"2":15,"3":0,"4":0,"5":0,"6":0,"7":0,"8":0,"9":0,"10":0,"11":0,"12":0,"13":0,"14":0,"15":0,"16":0,"17":0,"18":0,"19":0,"20":0,"21":0,"22":0,"23":0},"f":{"0":15,"1":0,"2":0},"b":{"0":[15,0],"1":[15,5],"2":[0,0],"3":[0,0],"4":[0,0],"5":[0,0],"6":[0,0],"7":[0,0],"8":[0,0],"9":[0,0],"10":[0,0]},"_coverageSchema":"1a1c01bbd47fc00a2c39e90264f33305004495a9","hash":"87b2831ee5dead23bf7a043cb154e6be68bd17bd"}
,"/home/marcestellers/Desarrollo_web2/Practica2/src/middleware/rate-limit.js": {"path":"/home/marcestellers/Desarrollo_web2/Practica2/src/middleware/rate-limit.js","statementMap":{"0":{"start":{"line":3,"column":16},"end":{"line":12,"column":2}}},"fnMap":{},"branchMap":{},"s":{"0":4},"f":{},"b":{},"_coverageSchema":"1a1c01bbd47fc00a2c39e90264f33305004495a9","hash":"46f6c8bf054be1c7f4067ce38bcf04c84598aa97"}
,"/home/marcestellers/Desarrollo_web2/Practica2/src/middleware/role.middleware.js": {"path":"/home/marcestellers/Desarrollo_web2/Practica2/src/middleware/role.middleware.js","statementMap":{"0":{"start":{"line":3,"column":30},"end":{"line":8,"column":1}},"1":{"start":{"line":3,"column":51},"end":{"line":8,"column":1}},"2":{"start":{"line":4,"column":4},"end":{"line":6,"column":5}},"3":{"start":{"line":5,"column":8},"end":{"line":5,"column":91}},"4":{"start":{"line":7,"column":4},"end":{"line":7,"column":11}}},"fnMap":{"0":{"name":"(anonymous_0)","decl":{"start":{"line":3,"column":30},"end":{"line":3,"column":31}},"loc":{"start":{"line":3,"column":51},"end":{"line":8,"column":1}},"line":3},"1":{"name":"(anonymous_1)","decl":{"start":{"line":3,"column":51},"end":{"line":3,"column":52}},"loc":{"start":{"line":3,"column":77},"end":{"line":8,"column":1}},"line":3}},"branchMap":{"0":{"loc":{"start":{"line":4,"column":4},"end":{"line":6,"column":5}},"type":"if","locations":[{"start":{"line":4,"column":4},"end":{"line":6,"column":5}},{"start":{},"end":{}}],"line":4}},"s":{"0":4,"1":8,"2":0,"3":0,"4":0},"f":{"0":8,"1":0},"b":{"0":[0,0]},"_coverageSchema":"1a1c01bbd47fc00a2c39e90264f33305004495a9","hash":"23427c2899634fed8f210d2ec444cea8a9187dca"}
,"/home/marcestellers/Desarrollo_web2/Practica2/src/middleware/sanitize.middleware.js": {"path":"/home/marcestellers/Desarrollo_web2/Practica2/src/middleware/sanitize.middleware.js","statementMap":{"0":{"start":{"line":1,"column":17},"end":{"line":14,"column":1}},"1":{"start":{"line":2,"column":4},"end":{"line":4,"column":5}},"2":{"start":{"line":3,"column":8},"end":{"line":3,"column":34}},"3":{"start":{"line":5,"column":4},"end":{"line":12,"column":5}},"4":{"start":{"line":6,"column":28},"end":{"line":6,"column":30}},"5":{"start":{"line":7,"column":8},"end":{"line":10,"column":9}},"6":{"start":{"line":8,"column":28},"end":{"line":8,"column":71}},"7":{"start":{"line":9,"column":12},"end":{"line":9,"column":51}},"8":{"start":{"line":11,"column":8},"end":{"line":11,"column":27}},"9":{"start":{"line":13,"column":4},"end":{"line":13,"column":16}},"10":{"start":{"line":16,"column":32},"end":{"line":34,"column":1}},"11":{"start":{"line":17,"column":4},"end":{"line":19,"column":5}},"12":{"start":{"line":18,"column":8},"end":{"line":18,"column":38}},"13":{"start":{"line":21,"column":4},"end":{"line":25,"column":5}},"14":{"start":{"line":22,"column":32},"end":{"line":22,"column":52}},"15":{"start":{"line":23,"column":8},"end":{"line":23,"column":71}},"16":{"start":{"line":23,"column":47},"end":{"line":23,"column":69}},"17":{"start":{"line":24,"column":8},"end":{"line":24,"column":51}},"18":{"start":{"line":27,"column":4},"end":{"line":31,"column":5}},"19":{"start":{"line":28,"column":31},"end":{"line":28,"column":50}},"20":{"start":{"line":29,"column":8},"end":{"line":29,"column":69}},"21":{"start":{"line":29,"column":46},"end":{"line":29,"column":67}},"22":{"start":{"line":30,"column":8},"end":{"line":30,"column":49}},"23":{"start":{"line":33,"column":4},"end":{"line":33,"column":11}}},"fnMap":{"0":{"name":"(anonymous_0)","decl":{"start":{"line":1,"column":17},"end":{"line":1,"column":18}},"loc":{"start":{"line":1,"column":27},"end":{"line":14,"column":1}},"line":1},"1":{"name":"(anonymous_1)","decl":{"start":{"line":16,"column":32},"end":{"line":16,"column":33}},"loc":{"start":{"line":16,"column":52},"end":{"line":34,"column":1}},"line":16},"2":{"name":"(anonymous_2)","decl":{"start":{"line":23,"column":40},"end":{"line":23,"column":41}},"loc":{"start":{"line":23,"column":47},"end":{"line":23,"column":69}},"line":23},"3":{"name":"(anonymous_3)","decl":{"start":{"line":29,"column":39},"end":{"line":29,"column":40}},"loc":{"start":{"line":29,"column":46},"end":{"line":29,"column":67}},"line":29}},"branchMap":{"0":{"loc":{"start":{"line":2,"column":4},"end":{"line":4,"column":5}},"type":"if","locations":[{"start":{"line":2,"column":4},"end":{"line":4,"column":5}},{"start":{},"end":{}}],"line":2},"1":{"loc":{"start":{"line":5,"column":4},"end":{"line":12,"column":5}},"type":"if","locations":[{"start":{"line":5,"column":4},"end":{"line":12,"column":5}},{"start":{},"end":{}}],"line":5},"2":{"loc":{"start":{"line":5,"column":8},"end":{"line":5,"column":49}},"type":"binary-expr","locations":[{"start":{"line":5,"column":8},"end":{"line":5,"column":21}},{"start":{"line":5,"column":25},"end":{"line":5,"column":49}}],"line":5},"3":{"loc":{"start":{"line":17,"column":4},"end":{"line":19,"column":5}},"type":"if","locations":[{"start":{"line":17,"column":4},"end":{"line":19,"column":5}},{"start":{},"end":{}}],"line":17},"4":{"loc":{"start":{"line":21,"column":4},"end":{"line":25,"column":5}},"type":"if","locations":[{"start":{"line":21,"column":4},"end":{"line":25,"column":5}},{"start":{},"end":{}}],"line":21},"5":{"loc":{"start":{"line":27,"column":4},"end":{"line":31,"column":5}},"type":"if","locations":[{"start":{"line":27,"column":4},"end":{"line":31,"column":5}},{"start":{},"end":{}}],"line":27}},"s":{"0":4,"1":1706,"2":1,"3":1705,"4":902,"5":902,"6":837,"7":837,"8":902,"9":803,"10":4,"11":298,"12":271,"13":298,"14":298,"15":298,"16":0,"17":298,"18":298,"19":298,"20":298,"21":10,"22":298,"23":298},"f":{"0":1706,"1":298,"2":0,"3":10},"b":{"0":[1,1705],"1":[902,803],"2":[1705,1705],"3":[271,27],"4":[298,0],"5":[298,0]},"_coverageSchema":"1a1c01bbd47fc00a2c39e90264f33305004495a9","hash":"f6bf45901a9d5a0565e60ce9ad96b5daf1b948bf"}
,"/home/marcestellers/Desarrollo_web2/Practica2/src/middleware/upload.js": {"path":"/home/marcestellers/Desarrollo_web2/Practica2/src/middleware/upload.js","statementMap":{"0":{"start":{"line":4,"column":20},"end":{"line":11,"column":1}},"1":{"start":{"line":5,"column":25},"end":{"line":5,"column":66}},"2":{"start":{"line":6,"column":4},"end":{"line":10,"column":5}},"3":{"start":{"line":7,"column":8},"end":{"line":7,"column":23}},"4":{"start":{"line":9,"column":8},"end":{"line":9,"column":97}},"5":{"start":{"line":13,"column":15},"end":{"line":20,"column":2}}},"fnMap":{"0":{"name":"(anonymous_0)","decl":{"start":{"line":4,"column":20},"end":{"line":4,"column":21}},"loc":{"start":{"line":4,"column":39},"end":{"line":11,"column":1}},"line":4}},"branchMap":{"0":{"loc":{"start":{"line":6,"column":4},"end":{"line":10,"column":5}},"type":"if","locations":[{"start":{"line":6,"column":4},"end":{"line":10,"column":5}},{"start":{"line":8,"column":11},"end":{"line":10,"column":5}}],"line":6}},"s":{"0":4,"1":0,"2":0,"3":0,"4":0,"5":4},"f":{"0":0},"b":{"0":[0,0]},"_coverageSchema":"1a1c01bbd47fc00a2c39e90264f33305004495a9","hash":"42a453a9499aeeb3c9292915c45f69e459924b53"}
,"/home/marcestellers/Desarrollo_web2/Practica2/src/middleware/validate.js": {"path":"/home/marcestellers/Desarrollo_web2/Practica2/src/middleware/validate.js","statementMap":{"0":{"start":{"line":4,"column":17},"end":{"line":25,"column":1}},"1":{"start":{"line":4,"column":29},"end":{"line":25,"column":1}},"2":{"start":{"line":5,"column":4},"end":{"line":24,"column":5}},"3":{"start":{"line":6,"column":8},"end":{"line":10,"column":11}},"4":{"start":{"line":12,"column":8},"end":{"line":12,"column":15}},"5":{"start":{"line":14,"column":8},"end":{"line":21,"column":9}},"6":{"start":{"line":15,"column":28},"end":{"line":18,"column":15}},"7":{"start":{"line":15,"column":53},"end":{"line":18,"column":13}},"8":{"start":{"line":20,"column":12},"end":{"line":20,"column":101}},"9":{"start":{"line":23,"column":8},"end":{"line":23,"column":20}}},"fnMap":{"0":{"name":"(anonymous_0)","decl":{"start":{"line":4,"column":17},"end":{"line":4,"column":18}},"loc":{"start":{"line":4,"column":29},"end":{"line":25,"column":1}},"line":4},"1":{"name":"(anonymous_1)","decl":{"start":{"line":4,"column":29},"end":{"line":4,"column":30}},"loc":{"start":{"line":4,"column":55},"end":{"line":25,"column":1}},"line":4},"2":{"name":"(anonymous_2)","decl":{"start":{"line":15,"column":45},"end":{"line":15,"column":46}},"loc":{"start":{"line":15,"column":53},"end":{"line":18,"column":13}},"line":15}},"branchMap":{"0":{"loc":{"start":{"line":14,"column":8},"end":{"line":21,"column":9}},"type":"if","locations":[{"start":{"line":14,"column":8},"end":{"line":21,"column":9}},{"start":{},"end":{}}],"line":14}},"s":{"0":4,"1":96,"2":287,"3":287,"4":283,"5":4,"6":4,"7":5,"8":4,"9":0},"f":{"0":96,"1":287,"2":5},"b":{"0":[4,0]},"_coverageSchema":"1a1c01bbd47fc00a2c39e90264f33305004495a9","hash":"18d3d4ca780470f008b5137d86adf38fd6f03278"}
[...]
umn":44}},"3":{"start":{"line":18,"column":8},"end":{"line":18,"column":44}},"4":{"start":{"line":22,"column":28},"end":{"line":22,"column":53}},"5":{"start":{"line":24,"column":0},"end":{"line":30,"column":3}},"6":{"start":{"line":25,"column":4},"end":{"line":29,"column":5}},"7":{"start":{"line":26,"column":8},"end":{"line":26,"column":58}},"8":{"start":{"line":28,"column":8},"end":{"line":28,"column":85}},"9":{"start":{"line":32,"column":0},"end":{"line":38,"column":3}},"10":{"start":{"line":33,"column":4},"end":{"line":37,"column":5}},"11":{"start":{"line":34,"column":8},"end":{"line":34,"column":77}},"12":{"start":{"line":36,"column":8},"end":{"line":36,"column":73}},"13":{"start":{"line":40,"column":0},"end":{"line":42,"column":3}},"14":{"start":{"line":41,"column":4},"end":{"line":41,"column":54}},"15":{"start":{"line":44,"column":0},"end":{"line":46,"column":3}},"16":{"start":{"line":45,"column":4},"end":{"line":45,"column":51}}},"fnMap":{"0":{"name":"(anonymous_0)","decl":{"start":{"line":5,"column":4},"end":{"line":5,"column":5}},"loc":{"start":{"line":5,"column":27},"end":{"line":7,"column":5}},"line":5},"1":{"name":"(anonymous_1)","decl":{"start":{"line":9,"column":4},"end":{"line":9,"column":5}},"loc":{"start":{"line":9,"column":25},"end":{"line":11,"column":5}},"line":9},"2":{"name":"(anonymous_2)","decl":{"start":{"line":13,"column":4},"end":{"line":13,"column":5}},"loc":{"start":{"line":13,"column":25},"end":{"line":15,"column":5}},"line":13},"3":{"name":"(anonymous_3)","decl":{"start":{"line":17,"column":4},"end":{"line":17,"column":5}},"loc":{"start":{"line":17,"column":25},"end":{"line":19,"column":5}},"line":17},"4":{"name":"(anonymous_4)","decl":{"start":{"line":24,"column":42},"end":{"line":24,"column":43}},"loc":{"start":{"line":24,"column":58},"end":{"line":30,"column":1}},"line":24},"5":{"name":"(anonymous_5)","decl":{"start":{"line":32,"column":39},"end":{"line":32,"column":40}},"loc":{"start":{"line":32,"column":55},"end":{"line":38,"column":1}},"line":32},"6":{"name":"(anonymous_6)","decl":{"start":{"line":40,"column":40},"end":{"line":40,"column":41}},"loc":{"start":{"line":40,"column":50},"end":{"line":42,"column":1}},"line":40},"7":{"name":"(anonymous_7)","decl":{"start":{"line":44,"column":39},"end":{"line":44,"column":40}},"loc":{"start":{"line":44,"column":49},"end":{"line":46,"column":1}},"line":44}},"branchMap":{},"s":{"0":46,"1":43,"2":0,"3":0,"4":4,"5":4,"6":46,"7":46,"8":0,"9":4,"10":0,"11":0,"12":0,"13":4,"14":43,"15":4,"16":0},"f":{"0":46,"1":43,"2":0,"3":0,"4":46,"5":0,"6":43,"7":0},"b":{},"_coverageSchema":"1a1c01bbd47fc00a2c39e90264f33305004495a9","hash":"169ba971e3597c633c4812142a25dac3713f84ca"}
,"/home/marcestellers/Desarrollo_web2/Practica2/src/utils/AppError.js": {"path":"/home/marcestellers/Desarrollo_web2/Practica2/src/utils/AppError.js","statementMap":{"0":{"start":{"line":3,"column":8},"end":{"line":3,"column":23}},"1":{"start":{"line":4,"column":8},"end":{"line":4,"column":37}},"2":{"start":{"line":5,"column":8},"end":{"line":5,"column":25}},"3":{"start":{"line":6,"column":8},"end":{"line":6,"column":31}},"4":{"start":{"line":7,"column":8},"end":{"line":7,"column":34}},"5":{"start":{"line":9,"column":8},"end":{"line":9,"column":56}},"6":{"start":{"line":13,"column":8},"end":{"line":13,"column":57}},"7":{"start":{"line":17,"column":8},"end":{"line":17,"column":57}},"8":{"start":{"line":21,"column":8},"end":{"line":21,"column":57}},"9":{"start":{"line":25,"column":8},"end":{"line":25,"column":79}},"10":{"start":{"line":29,"column":8},"end":{"line":29,"column":57}},"11":{"start":{"line":33,"column":8},"end":{"line":33,"column":57}},"12":{"start":{"line":37,"column":8},"end":{"line":37,"column":57}},"13":{"start":{"line":41,"column":8},"end":{"line":41,"column":57}}},"fnMap":{"0":{"name":"(anonymous_0)","decl":{"start":{"line":2,"column":4},"end":{"line":2,"column":5}},"loc":{"start":{"line":2,"column":84},"end":{"line":10,"column":5}},"line":2},"1":{"name":"(anonymous_1)","decl":{"start":{"line":12,"column":4},"end":{"line":12,"column":5}},"loc":{"start":{"line":12,"column":92},"end":{"line":14,"column":5}},"line":12},"2":{"name":"(anonymous_2)","decl":{"start":{"line":16,"column":4},"end":{"line":16,"column":5}},"loc":{"start":{"line":16,"column":90},"end":{"line":18,"column":5}},"line":16},"3":{"name":"(anonymous_3)","decl":{"start":{"line":20,"column":4},"end":{"line":20,"column":5}},"loc":{"start":{"line":20,"column":87},"end":{"line":22,"column":5}},"line":20},"4":{"name":"(anonymous_4)","decl":{"start":{"line":24,"column":4},"end":{"line":24,"column":5}},"loc":{"start":{"line":24,"column":78},"end":{"line":26,"column":5}},"line":24},"5":{"name":"(anonymous_5)","decl":{"start":{"line":28,"column":4},"end":{"line":28,"column":5}},"loc":{"start":{"line":28,"column":93},"end":{"line":30,"column":5}},"line":28},"6":{"name":"(anonymous_6)","decl":{"start":{"line":32,"column":4},"end":{"line":32,"column":5}},"loc":{"start":{"line":32,"column":96},"end":{"line":34,"column":5}},"line":32},"7":{"name":"(anonymous_7)","decl":{"start":{"line":36,"column":4},"end":{"line":36,"column":5}},"loc":{"start":{"line":36,"column":104},"end":{"line":38,"column":5}},"line":36},"8":{"name":"(anonymous_8)","decl":{"start":{"line":40,"column":4},"end":{"line":40,"column":5}},"loc":{"start":{"line":40,"column":101},"end":{"line":42,"column":5}},"line":40}},"branchMap":{"0":{"loc":{"start":{"line":2,"column":25},"end":{"line":2,"column":41}},"type":"default-arg","locations":[{"start":{"line":2,"column":38},"end":{"line":2,"column":41}}],"line":2},"1":{"loc":{"start":{"line":2,"column":43},"end":{"line":2,"column":66}},"type":"default-arg","locations":[{"start":{"line":2,"column":50},"end":{"line":2,"column":66}}],"line":2},"2":{"loc":{"start":{"line":2,"column":68},"end":{"line":2,"column":82}},"type":"default-arg","locations":[{"start":{"line":2,"column":78},"end":{"line":2,"column":82}}],"line":2},"3":{"loc":{"start":{"line":12,"column":22},"end":{"line":12,"column":52}},"type":"default-arg","locations":[{"start":{"line":12,"column":32},"end":{"line":12,"column":52}}],"line":12},"4":{"loc":{"start":{"line":12,"column":54},"end":{"line":12,"column":68}},"type":"default-arg","locations":[{"start":{"line":12,"column":64},"end":{"line":12,"column":68}}],"line":12},"5":{"loc":{"start":{"line":12,"column":70},"end":{"line":12,"column":90}},"type":"default-arg","locations":[{"start":{"line":12,"column":77},"end":{"line":12,"column":90}}],"line":12},"6":{"loc":{"start":{"line":16,"column":24},"end":{"line":16,"column":49}},"type":"default-arg","locations":[{"start":{"line":16,"column":34},"end":{"line":16,"column":49}}],"line":16},"7":{"loc":{"start":{"line":16,"column":51},"end":{"line":16,"column":65}},"type":"default-arg","locations":[{"start":{"line":16,"column":61},"end":{"line":16,"column":65}}],"line":16},"8":{"loc":{"start":{"line":16,"column":67},"end":{"line":16,"column":88}},"type":"default-arg","locations":[{"start":{"line":16,"column":74},"end":{"line":16,"column":88}}],"line":16},"9":{"loc":{"start":{"line":20,"column":21},"end":{"line":20,"column":49}},"type":"default-arg","locations":[{"start":{"line":20,"column":31},"end":{"line":20,"column":49}}],"line":20},"10":{"loc":{"start":{"line":20,"column":51},"end":{"line":20,"column":65}},"type":"default-arg","locations":[{"start":{"line":20,"column":61},"end":{"line":20,"column":65}}],"line":20},"11":{"loc":{"start":{"line":20,"column":67},"end":{"line":20,"column":85}},"type":"default-arg","locations":[{"start":{"line":20,"column":74},"end":{"line":20,"column":85}}],"line":20},"12":{"loc":{"start":{"line":24,"column":20},"end":{"line":24,"column":40}},"type":"default-arg","locations":[{"start":{"line":24,"column":31},"end":{"line":24,"column":40}}],"line":24},"13":{"loc":{"start":{"line":24,"column":42},"end":{"line":24,"column":56}},"type":"default-arg","locations":[{"start":{"line":24,"column":52},"end":{"line":24,"column":56}}],"line":24},"14":{"loc":{"start":{"line":24,"column":58},"end":{"line":24,"column":76}},"type":"default-arg","locations":[{"start":{"line":24,"column":65},"end":{"line":24,"column":76}}],"line":24},"15":{"loc":{"start":{"line":28,"column":20},"end":{"line":28,"column":56}},"type":"default-arg","locations":[{"start":{"line":28,"column":30},"end":{"line":28,"column":56}}],"line":28},"16":{"loc":{"start":{"line":28,"column":58},"end":{"line":28,"column":72}},"type":"default-arg","locations":[{"start":{"line":28,"column":68},"end":{"line":28,"column":72}}],"line":28},"17":{"loc":{"start":{"line":28,"column":74},"end":{"line":28,"column":91}},"type":"default-arg","locations":[{"start":{"line":28,"column":81},"end":{"line":28,"column":91}}],"line":28},"18":{"loc":{"start":{"line":32,"column":22},"end":{"line":32,"column":53}},"type":"default-arg","locations":[{"start":{"line":32,"column":32},"end":{"line":32,"column":53}}],"line":32},"19":{"loc":{"start":{"line":32,"column":55},"end":{"line":32,"column":67}},"type":"default-arg","locations":[{"start":{"line":32,"column":65},"end":{"line":32,"column":67}}],"line":32},"20":{"loc":{"start":{"line":32,"column":69},"end":{"line":32,"column":94}},"type":"default-arg","locations":[{"start":{"line":32,"column":76},"end":{"line":32,"column":94}}],"line":32},"21":{"loc":{"start":{"line":36,"column":27},"end":{"line":36,"column":58}},"type":"default-arg","locations":[{"start":{"line":36,"column":37},"end":{"line":36,"column":58}}],"line":36},"22":{"loc":{"start":{"line":36,"column":60},"end":{"line":36,"column":74}},"type":"default-arg","locations":[{"start":{"line":36,"column":70},"end":{"line":36,"column":74}}],"line":36},"23":{"loc":{"start":{"line":36,"column":76},"end":{"line":36,"column":102}},"type":"default-arg","locations":[{"start":{"line":36,"column":83},"end":{"line":36,"column":102}}],"line":36},"24":{"loc":{"start":{"line":40,"column":20},"end":{"line":40,"column":58}},"type":"default-arg","locations":[{"start":{"line":40,"column":30},"end":{"line":40,"column":58}}],"line":40},"25":{"loc":{"start":{"line":40,"column":60},"end":{"line":40,"column":74}},"type":"default-arg","locations":[{"start":{"line":40,"column":70},"end":{"line":40,"column":74}}],"line":40},"26":{"loc":{"start":{"line":40,"column":76},"end":{"line":40,"column":99}},"type":"default-arg","locations":[{"start":{"line":40,"column":83},"end":{"line":40,"column":99}}],"line":40}},"s":{"0":15,"1":15,"2":15,"3":15,"4":15,"5":15,"6":5,"7":3,"8":1,"9":4,"10":2,"11":0,"12":0,"13":0},"f":{"0":15,"1":5,"2":3,"3":1,"4":4,"5":2,"6":0,"7":0,"8":0},"b":{"0":[0],"1":[0],"2":[0],"3":[0],"4":[0],"5":[5],"6":[0],"7":[3],"8":[3],"9":[0],"10":[1],"11":[1],"12":[0],"13":[4],"14":[4],"15":[0],"16":[2],"17":[2],"18":[0],"19":[0],"20":[0],"21":[0],"22":[0],"23":[0],"24":[0],"25":[0],"26":[0]},"_coverageSchema":"1a1c01bbd47fc00a2c39e90264f33305004495a9","hash":"952c397cf37948cc44e36f5c4a76014265c2f73e"}
,"/home/marcestellers/Desarrollo_web2/Practica2/src/utils/handleJWT.js": {"path":"/home/marcestellers/Desarrollo_web2/Practica2/src/utils/handleJWT.js","statementMap":{"0":{"start":{"line":6,"column":19},"end":{"line":6,"column":33}},"1":{"start":{"line":7,"column":29},"end":{"line":7,"column":34}},"2":{"start":{"line":8,"column":27},"end":{"line":8,"column":28}},"3":{"start":{"line":10,"column":35},"end":{"line":19,"column":1}},"4":{"start":{"line":11,"column":4},"end":{"line":18,"column":6}},"5":{"start":{"line":21,"column":36},"end":{"line":23,"column":1}},"6":{"start":{"line":22,"column":4},"end":{"line":22,"column":50}},"7":{"start":{"line":25,"column":37},"end":{"line":29,"column":1}},"8":{"start":{"line":26,"column":23},"end":{"line":26,"column":33}},"9":{"start":{"line":27,"column":4},"end":{"line":27,"column":66}},"10":{"start":{"line":28,"column":4},"end":{"line":28,"column":22}},"11":{"start":{"line":31,"column":33},"end":{"line":43,"column":1}},"12":{"start":{"line":32,"column":4},"end":{"line":42,"column":5}},"13":{"start":{"line":33,"column":8},"end":{"line":33,"column":45}},"14":{"start":{"line":35,"column":8},"end":{"line":37,"column":9}},"15":{"start":{"line":36,"column":12},"end":{"line":36,"column":81}},"16":{"start":{"line":38,"column":8},"end":{"line":40,"column":9}},"17":{"start":{"line":39,"column":12},"end":{"line":39,"column":75}},"18":{"start":{"line":41,"column":8},"end":{"line":41,"column":20}}},"fnMap":{"0":{"name":"(anonymous_0)","decl":{"start":{"line":10,"column":35},"end":{"line":10,"column":36}},"loc":{"start":{"line":10,"column":45},"end":{"line":19,"column":1}},"line":10},"1":{"name":"(anonymous_1)","decl":{"start":{"line":21,"column":36},"end":{"line":21,"column":37}},"loc":{"start":{"line":21,"column":42},"end":{"line":23,"column":1}},"line":21},"2":{"name":"(anonymous_2)","decl":{"start":{"line":25,"column":37},"end":{"line":25,"column":38}},"loc":{"start":{"line":25,"column":43},"end":{"line":29,"column":1}},"line":25},"3":{"name":"(anonymous_3)","decl":{"start":{"line":31,"column":33},"end":{"line":31,"column":34}},"loc":{"start":{"line":31,"column":44},"end":{"line":43,"column":1}},"line":31}},"branchMap":{"0":{"loc":{"start":{"line":35,"column":8},"end":{"line":37,"column":9}},"type":"if","locations":[{"start":{"line":35,"column":8},"end":{"line":37,"column":9}},{"start":{},"end":{}}],"line":35},"1":{"loc":{"start":{"line":38,"column":8},"end":{"line":40,"column":9}},"type":"if","locations":[{"start":{"line":38,"column":8},"end":{"line":40,"column":9}},{"start":{},"end":{}}],"line":38}},"s":{"0":4,"1":4,"2":4,"3":4,"4":88,"5":4,"6":88,"7":4,"8":88,"9":88,"10":88,"11":4,"12":205,"13":205,"14":0,"15":0,"16":0,"17":0,"18":0},"f":{"0":88,"1":88,"2":88,"3":205},"b":{"0":[0,0],"1":[0,0]},"_coverageSchema":"1a1c01bbd47fc00a2c39e90264f33305004495a9","hash":"0cda1d3fcac334cd2117e860df21cd8c7519ebff"}
,"/home/marcestellers/Desarrollo_web2/Practica2/src/utils/handlePassword.js": {"path":"/home/marcestellers/Desarrollo_web2/Practica2/src/utils/handlePassword.js","statementMap":{"0":{"start":{"line":3,"column":20},"end":{"line":3,"column":22}},"1":{"start":{"line":5,"column":23},"end":{"line":7,"column":1}},"2":{"start":{"line":6,"column":4},"end":{"line":6,"column":54}},"3":{"start":{"line":9,"column":23},"end":{"line":11,"column":1}},"4":{"start":{"line":10,"column":4},"end":{"line":10,"column":60}}},"fnMap":{"0":{"name":"(anonymous_0)","decl":{"start":{"line":5,"column":23},"end":{"line":5,"column":24}},"loc":{"start":{"line":5,"column":43},"end":{"line":7,"column":1}},"line":5},"1":{"name":"(anonymous_1)","decl":{"start":{"line":9,"column":23},"end":{"line":9,"column":24}},"loc":{"start":{"line":9,"column":59},"end":{"line":11,"column":1}},"line":9}},"branchMap":{},"s":{"0":4,"1":4,"2":47,"3":4,"4":45},"f":{"0":47,"1":45},"b":{},"_coverageSchema":"1a1c01bbd47fc00a2c39e90264f33305004495a9","hash":"d40b3ce79af8ccd3a5db5c0afdd56acfb93473e9"}
,"/home/marcestellers/Desarrollo_web2/Practica2/src/validators/client.validator.js": {"path":"/home/marcestellers/Desarrollo_web2/Practica2/src/validators/client.validator.js","statementMap":{"0":{"start":{"line":3,"column":20},"end":{"line":3,"column":80}},"1":{"start":{"line":5,"column":22},"end":{"line":11,"column":2}},"2":{"start":{"line":13,"column":34},"end":{"line":21,"column":2}},"3":{"start":{"line":23,"column":34},"end":{"line":34,"column":2}},"4":{"start":{"line":36,"column":30},"end":{"line":40,"column":2}}},"fnMap":{},"branchMap":{},"s":{"0":4,"1":4,"2":4,"3":4,"4":4},"f":{},"b":{},"_coverageSchema":"1a1c01bbd47fc00a2c39e90264f33305004495a9","hash":"8656be30ee7992f6ee9ece1b7fa1120fa1ae9a24"}
,"/home/marcestellers/Desarrollo_web2/Practica2/src/validators/deliverynote.validator.js": {"path":"/home/marcestellers/Desarrollo_web2/Practica2/src/validators/deliverynote.validator.js","statementMap":{"0":{"start":{"line":3,"column":40},"end":{"line":25,"column":2}},"1":{"start":{"line":18,"column":8},"end":{"line":20,"column":9}},"2":{"start":{"line":19,"column":12},"end":{"line":19,"column":122}},"3":{"start":{"line":21,"column":8},"end":{"line":23,"column":9}},"4":{"start":{"line":22,"column":12},"end":{"line":22,"column":127}},"5":{"start":{"line":27,"column":36},"end":{"line":31,"column":2}}},"fnMap":{"0":{"name":"(anonymous_0)","decl":{"start":{"line":17,"column":19},"end":{"line":17,"column":20}},"loc":{"start":{"line":17,"column":34},"end":{"line":24,"column":5}},"line":17}},"branchMap":{"0":{"loc":{"start":{"line":18,"column":8},"end":{"line":20,"column":9}},"type":"if","locations":[{"start":{"line":18,"column":8},"end":{"line":20,"column":9}},{"start":{},"end":{}}],"line":18},"1":{"loc":{"start":{"line":18,"column":12},"end":{"line":18,"column":56}},"type":"binary-expr","locations":[{"start":{"line":18,"column":12},"end":{"line":18,"column":38}},{"start":{"line":18,"column":42},"end":{"line":18,"column":56}}],"line":18},"2":{"loc":{"start":{"line":21,"column":8},"end":{"line":23,"column":9}},"type":"if","locations":[{"start":{"line":21,"column":8},"end":{"line":23,"column":9}},{"start":{},"end":{}}],"line":21},"3":{"loc":{"start":{"line":21,"column":12},"end":{"line":21,"column":98}},"type":"binary-expr","locations":[{"start":{"line":21,"column":12},"end":{"line":21,"column":35}},{"start":{"line":21,"column":39},"end":{"line":21,"column":50}},{"start":{"line":21,"column":55},"end":{"line":21,"column":68}},{"start":{"line":21,"column":72},"end":{"line":21,"column":97}}],"line":21}},"s":{"0":4,"1":9,"2":0,"3":9,"4":0,"5":4},"f":{"0":9},"b":{"0":[0,9],"1":[9,1],"2":[0,9],"3":[9,8,1,1]},"_coverageSchema":"1a1c01bbd47fc00a2c39e90264f33305004495a9","hash":"e6af837e8ab3da172aa4d184a878846c3027d29e"}
,"/home/marcestellers/Desarrollo_web2/Practica2/src/validators/project.validator.js": {"path":"/home/marcestellers/Desarrollo_web2/Practica2/src/validators/project.validator.js","statementMap":{"0":{"start":{"line":3,"column":22},"end":{"line":9,"column":2}},"1":{"start":{"line":11,"column":35},"end":{"line":21,"column":2}},"2":{"start":{"line":23,"column":35},"end":{"line":36,"column":2}},"3":{"start":{"line":38,"column":31},"end":{"line":42,"column":2}}},"fnMap":{},"branchMap":{},"s":{"0":4,"1":4,"2":4,"3":4},"f":{},"b":{},"_coverageSchema":"1a1c01bbd47fc00a2c39e90264f33305004495a9","hash":"2e53862fe8f910f0ca40d7fb62b51a04fec42058"}
,"/home/marcestellers/Desarrollo_web2/Practica2/src/validators/user.validator.js": {"path":"/home/marcestellers/Desarrollo_web2/Practica2/src/validators/user.validator.js","statementMap":{"0":{"start":{"line":3,"column":17},"end":{"line":3,"column":55}},"1":{"start":{"line":4,"column":17},"end":{"line":4,"column":42}},"2":{"start":{"line":5,"column":20},"end":{"line":5,"column":58}},"3":{"start":{"line":6,"column":29},"end":{"line":6,"column":38}},"4":{"start":{"line":8,"column":22},"end":{"line":14,"column":2}},"5":{"start":{"line":16,"column":30},"end":{"line":23,"column":2}},"6":{"start":{"line":25,"column":30},"end":{"line":32,"column":2}},"7":{"start":{"line":34,"column":30},"end":{"line":38,"column":2}},"8":{"start":{"line":40,"column":33},"end":{"line":52,"column":2}},"9":{"start":{"line":54,"column":38},"end":{"line":58,"column":2}},"10":{"start":{"line":60,"column":32},"end":{"line":64,"column":2}},"11":{"start":{"line":62,"column":59},"end":{"line":62,"column":73}},"12":{"start":{"line":66,"column":34},"end":{"line":74,"column":2}},"13":{"start":{"line":70,"column":24},"end":{"line":70,"column":65}}},"fnMap":{"0":{"name":"(anonymous_0)","decl":{"start":{"line":62,"column":50},"end":{"line":62,"column":51}},"loc":{"start":{"line":62,"column":59},"end":{"line":62,"column":73}},"line":62},"1":{"name":"(anonymous_1)","decl":{"start":{"line":70,"column":14},"end":{"line":70,"column":15}},"loc":{"start":{"line":70,"column":24},"end":{"line":70,"column":65}},"line":70}},"branchMap":{},"s":{"0":4,"1":4,"2":4,"3":4,"4":4,"5":4,"6":4,"7":4,"8":4,"9":4,"10":4,"11":0,"12":4,"13":2},"f":{"0":0,"1":2},"b":{},"_coverageSchema":"1a1c01bbd47fc00a2c39e90264f33305004495a9","hash":"0213ca589abdebdf4af217e676c30bfcfde90344"}
}
