TN:
SF:src/app.js
FN:27,(anonymous_0)
FNF:1
FNH:0
FNDA:0,(anonymous_0)
DA:11,4
DA:13,4
DA:15,4
DA:17,4
DA:19,4
DA:21,4
DA:23,4
DA:25,4
DA:27,4
DA:28,0
DA:34,4
LF:11
LH:10
BRF:0
BRH:0
end_of_record
TN:
SF:src/config/db.js
FN:5,(anonymous_0)
FN:19,(anonymous_1)
FN:23,(anonymous_2)
FNF:3
FNH:0
FNDA:0,(anonymous_0)
FNDA:0,(anonymous_1)
FNDA:0,(anonymous_2)
DA:5,0
DA:6,0
DA:7,0
DA:8,0
DA:9,0
DA:12,0
DA:14,0
DA:15,0
DA:19,0
DA:20,0
DA:23,0
DA:24,0
DA:25,0
DA:26,0
LF:14
LH:0
BRF:0
BRH:0
end_of_record
TN:
SF:src/config/env.js
FNF:0
FNH:0
DA:3,4
DA:20,4
DA:22,4
DA:23,0
DA:24,0
DA:25,0
DA:28,4
LF:7
LH:4
BRDA:22,0,0,0
BRDA:22,0,1,4
BRF:2
BRH:1
end_of_record
TN:
SF:src/controllers/client.controller.js
FN:5,(anonymous_0)
FN:20,(anonymous_1)
FN:47,(anonymous_2)
FN:58,(anonymous_3)
FN:81,(anonymous_4)
FN:101,(anonymous_5)
FN:117,(anonymous_6)
FNF:7
FNH:7
FNDA:31,(anonymous_0)
FNDA:2,(anonymous_1)
FNDA:2,(anonymous_2)
FNDA:4,(anonymous_3)
FNDA:1,(anonymous_4)
FNDA:1,(anonymous_5)
FNDA:1,(anonymous_6)
DA:5,4
DA:6,31
DA:8,31
DA:10,31
DA:11,31
DA:13,30
DA:15,30
DA:17,30
DA:20,4
DA:21,2
DA:23,2
DA:25,2
DA:27,2
DA:28,2
DA:30,2
DA:31,2
DA:32,2
DA:34,2
DA:39,2
DA:47,4
DA:48,2
DA:50,2
DA:52,2
DA:53,2
DA:55,1
DA:58,4
DA:59,4
DA:61,4
DA:63,4
DA:66,4
DA:67,3
DA:73,1
DA:76,4
DA:78,4
DA:81,4
DA:82,1
DA:84,1
DA:86,1
DA:88,1
DA:89,1
DA:90,1
DA:91,1
DA:93,1
DA:98,1
DA:101,4
DA:102,1
DA:104,1
DA:106,1
DA:112,1
DA:114,1
DA:117,4
DA:118,1
DA:120,1
DA:122,1
DA:123,0
DA:128,0
DA:131,1
DA:137,1
DA:139,1
LF:59
LH:57
BRDA:8,0,0,0
BRDA:8,0,1,31
BRDA:11,1,0,1
BRDA:11,1,1,30
BRDA:23,2,0,0
BRDA:23,2,1,2
BRDA:25,3,0,2
BRDA:25,4,0,2
BRDA:25,5,0,2
BRDA:28,6,0,1
BRDA:28,6,1,1
BRDA:50,7,0,0
BRDA:50,7,1,2
BRDA:53,8,0,1
BRDA:53,8,1,1
BRDA:61,9,0,0
BRDA:61,9,1,4
BRDA:66,10,0,3
BRDA:66,10,1,1
BRDA:76,11,0,0
BRDA:76,11,1,4
BRDA:78,12,0,3
BRDA:78,12,1,1
BRDA:84,13,0,0
BRDA:84,13,1,1
BRDA:86,14,0,1
BRDA:86,15,0,1
BRDA:86,16,0,1
BRDA:104,17,0,0
BRDA:104,17,1,1
BRDA:112,18,0,0
BRDA:112,18,1,1
BRDA:120,19,0,0
BRDA:120,19,1,1
BRDA:122,20,0,0
BRDA:122,20,1,1
BRDA:128,21,0,0
BRDA:128,21,1,0
BRDA:137,22,0,0
BRDA:137,22,1,1
BRF:40
BRH:27
end_of_record
TN:
SF:src/controllers/deliverynote.controller.js
FN:8,(anonymous_0)
FN:28,(anonymous_1)
FN:60,(anonymous_2)
FN:75,(anonymous_3)
FN:106,(anonymous_4)
FN:129,(anonymous_5)
FNF:6
FNH:4
FNDA:9,(anonymous_0)
FNDA:2,(anonymous_1)
FNDA:1,(anonymous_2)
FNDA:0,(anonymous_3)
FNDA:0,(anonymous_4)
FNDA:3,(anonymous_5)
DA:8,4
DA:9,9
DA:11,9
DA:13,9
DA:14,9
DA:16,8
DA:23,8
DA:25,8
DA:28,4
DA:29,2
DA:31,2
DA:33,2
DA:35,2
DA:36,2
DA:37,2
DA:38,2
DA:39,2
DA:40,2
DA:41,0
DA:42,0
DA:43,0
DA:46,2
DA:47,2
DA:48,2
DA:50,2
DA:57,2
DA:60,4
DA:61,1
DA:63,1
DA:65,1
DA:70,1
DA:72,1
DA:75,4
DA:76,0
DA:78,0
DA:79,0
DA:81,0
DA:86,0
DA:87,0
DA:89,0
DA:91,0
DA:92,0
DA:93,0
DA:95,0
DA:96,0
DA:98,0
DA:99,0
DA:101,0
DA:103,0
DA:106,4
DA:107,0
DA:109,0
DA:111,0
DA:116,0
DA:118,0
DA:119,0
DA:122,0
DA:124,0
DA:125,0
DA:126,0
DA:129,4
DA:130,3
DA:132,3
DA:134,3
DA:135,3
DA:137,2
DA:139,2
DA:141,2
LF:68
LH:39
BRDA:11,0,0,0
BRDA:11,0,1,9
BRDA:14,1,0,1
BRDA:14,1,1,8
BRDA:31,2,0,0
BRDA:31,2,1,2
BRDA:33,3,0,2
BRDA:33,4,0,2
BRDA:33,5,0,2
BRDA:36,6,0,0
BRDA:36,6,1,2
BRDA:37,7,0,0
BRDA:37,7,1,2
BRDA:38,8,0,1
BRDA:38,8,1,1
BRDA:39,9,0,0
BRDA:39,9,1,2
BRDA:40,10,0,0
BRDA:40,10,1,2
BRDA:40,11,0,2
BRDA:40,11,1,2
BRDA:42,12,0,0
BRDA:42,12,1,0
BRDA:43,13,0,0
BRDA:43,13,1,0
BRDA:63,14,0,0
BRDA:63,14,1,1
BRDA:70,15,0,0
BRDA:70,15,1,1
BRDA:78,16,0,0
BRDA:78,16,1,0
BRDA:79,17,0,0
BRDA:79,17,1,0
BRDA:86,18,0,0
BRDA:86,18,1,0
BRDA:87,19,0,0
BRDA:87,19,1,0
BRDA:109,20,0,0
BRDA:109,20,1,0
BRDA:116,21,0,0
BRDA:116,21,1,0
BRDA:118,22,0,0
BRDA:118,22,1,0
BRDA:132,23,0,0
BRDA:132,23,1,3
BRDA:135,24,0,1
BRDA:135,24,1,2
BRDA:137,25,0,0
BRDA:137,25,1,2
BRF:49
BRH:21
end_of_record
TN:
SF:src/controllers/project.controller.js
FN:6,(anonymous_0)
FN:24,(anonymous_1)
FN:49,(anonymous_2)
FN:62,(anonymous_3)
FN:92,(anonymous_4)
FN:115,(anonymous_5)
FN:136,(anonymous_6)
FNF:7
FNH:7
FNDA:21,(anonymous_0)
FNDA:2,(anonymous_1)
FNDA:1,(anonymous_2)
FNDA:1,(anonymous_3)
FNDA:3,(anonymous_4)
FNDA:1,(anonymous_5)
FNDA:1,(anonymous_6)
DA:6,4
DA:7,21
DA:9,21
DA:11,21
DA:12,21
DA:14,20
DA:15,20
DA:17,19
DA:19,19
DA:21,19
DA:24,4
DA:25,2
DA:27,2
DA:29,2
DA:31,2
DA:32,2
DA:33,2
DA:34,2
DA:36,2
DA:37,2
DA:38,2
DA:40,2
DA:46,2
DA:49,4
DA:50,1
DA:52,1
DA:54,1
DA:57,1
DA:59,1
DA:62,4
DA:63,1
DA:65,1
DA:67,1
DA:68,0
DA:69,0
DA:72,1
DA:73,0
DA:78,0
DA:81,1
DA:87,1
DA:89,1
DA:92,4
DA:93,3
DA:95,3
DA:97,3
DA:100,3
DA:101,3
DA:107,0
DA:110,3
DA:112,3
DA:115,4
DA:116,1
DA:118,1
DA:120,1
DA:122,1
DA:123,1
DA:124,1
DA:125,1
DA:127,1
DA:133,1
DA:136,4
DA:137,1
DA:139,1
DA:141,1
DA:147,1
DA:149,1
LF:66
LH:61
BRDA:9,0,0,0
BRDA:9,0,1,21
BRDA:12,1,0,1
BRDA:12,1,1,20
BRDA:15,2,0,1
BRDA:15,2,1,19
BRDA:27,3,0,0
BRDA:27,3,1,2
BRDA:29,4,0,2
BRDA:29,5,0,2
BRDA:29,6,0,2
BRDA:32,7,0,0
BRDA:32,7,1,2
BRDA:33,8,0,0
BRDA:33,8,1,2
BRDA:34,9,0,1
BRDA:34,9,1,1
BRDA:52,10,0,0
BRDA:52,10,1,1
BRDA:57,11,0,0
BRDA:57,11,1,1
BRDA:65,12,0,0
BRDA:65,12,1,1
BRDA:67,13,0,0
BRDA:67,13,1,1
BRDA:69,14,0,0
BRDA:69,14,1,0
BRDA:72,15,0,0
BRDA:72,15,1,1
BRDA:78,16,0,0
BRDA:78,16,1,0
BRDA:87,17,0,0
BRDA:87,17,1,1
BRDA:95,18,0,0
BRDA:95,18,1,3
BRDA:100,19,0,3
BRDA:100,19,1,0
BRDA:110,20,0,0
BRDA:110,20,1,3
BRDA:112,21,0,3
BRDA:112,21,1,0
BRDA:118,22,0,0
BRDA:118,22,1,1
BRDA:120,23,0,1
BRDA:120,24,0,1
BRDA:120,25,0,1
BRDA:139,26,0,0
BRDA:139,26,1,1
BRDA:147,27,0,0
BRDA:147,27,1,1
BRF:50
BRH:29
end_of_record
TN:
SF:src/controllers/user.controller.js
FN:10,(anonymous_0)
FN:12,(anonymous_1)
FN:26,(anonymous_2)
FN:63,(anonymous_3)
FN:93,(anonymous_4)
FN:109,(anonymous_5)
FN:116,(anonymous_6)
FN:146,(anonymous_7)
FN:160,(anonymous_8)
FN:175,(anonymous_9)
FN:183,(anonymous_10)
FN:202,(anonymous_11)
FN:216,(anonymous_12)
FN:246,(anonymous_13)
FNF:14
FNH:11
FNDA:46,(anonymous_0)
FNDA:88,(anonymous_1)
FNDA:46,(anonymous_2)
FNDA:44,(anonymous_3)
FNDA:43,(anonymous_4)
FNDA:34,(anonymous_5)
FNDA:34,(anonymous_6)
FNDA:0,(anonymous_7)
FNDA:1,(anonymous_8)
FNDA:1,(anonymous_9)
FNDA:0,(anonymous_10)
FNDA:2,(anonymous_11)
FNDA:0,(anonymous_12)
FNDA:1,(anonymous_13)
DA:10,46
DA:12,4
DA:13,88
DA:14,88
DA:20,88
DA:26,4
DA:27,46
DA:28,46
DA:30,46
DA:31,0
DA:34,46
DA:35,46
DA:38,46
DA:39,0
DA:40,0
DA:41,0
DA:42,0
DA:44,46
DA:51,46
DA:53,46
DA:55,46
DA:63,4
DA:64,44
DA:66,44
DA:68,44
DA:69,44
DA:71,44
DA:72,43
DA:73,43
DA:74,43
DA:76,43
DA:78,43
DA:81,1
DA:82,1
DA:84,1
DA:85,0
DA:86,0
DA:89,1
DA:90,1
DA:93,4
DA:94,43
DA:95,43
DA:97,43
DA:98,1
DA:101,42
DA:102,1
DA:105,41
DA:106,41
DA:109,4
DA:110,34
DA:111,34
DA:112,34
DA:113,34
DA:116,4
DA:117,34
DA:118,34
DA:120,34
DA:122,34
DA:124,34
DA:125,0
DA:126,0
DA:127,0
DA:128,0
DA:131,34
DA:132,34
DA:133,1
DA:134,1
DA:135,1
DA:138,34
DA:139,34
DA:140,34
DA:141,34
DA:143,34
DA:146,4
DA:147,0
DA:148,0
DA:150,0
DA:151,0
DA:157,0
DA:160,4
DA:161,1
DA:162,1
DA:164,1
DA:165,0
DA:168,1
DA:169,1
DA:171,1
DA:172,1
DA:175,4
DA:176,1
DA:180,1
DA:183,4
DA:184,0
DA:185,0
DA:188,0
DA:189,0
DA:191,0
DA:192,0
DA:195,0
DA:197,0
DA:199,0
DA:202,4
DA:203,2
DA:204,2
DA:206,2
DA:207,1
DA:210,1
DA:211,1
DA:213,1
DA:216,4
DA:217,0
DA:218,0
DA:220,0
DA:222,0
DA:223,0
DA:225,0
DA:226,0
DA:235,0
DA:243,0
DA:246,4
DA:247,1
DA:248,1
LF:122
LH:87
BRDA:30,0,0,0
BRDA:30,0,1,46
BRDA:38,1,0,0
BRDA:38,1,1,46
BRDA:68,2,0,0
BRDA:68,2,1,44
BRDA:69,3,0,0
BRDA:69,3,1,44
BRDA:71,4,0,43
BRDA:71,4,1,1
BRDA:81,5,0,1
BRDA:81,5,1,0
BRDA:84,6,0,0
BRDA:84,6,1,1
BRDA:97,7,0,1
BRDA:97,7,1,42
BRDA:97,8,0,43
BRDA:97,8,1,43
BRDA:101,9,0,1
BRDA:101,9,1,41
BRDA:120,10,0,0
BRDA:120,10,1,34
BRDA:124,11,0,0
BRDA:124,11,1,34
BRDA:132,12,0,1
BRDA:132,12,1,33
BRDA:147,13,0,0
BRDA:147,13,1,0
BRDA:148,14,0,0
BRDA:148,14,1,0
BRDA:164,15,0,0
BRDA:164,15,1,1
BRDA:164,16,0,1
BRDA:164,16,1,1
BRDA:164,16,2,1
BRDA:188,17,0,0
BRDA:188,17,1,0
BRDA:195,18,0,0
BRDA:195,18,1,0
BRDA:199,19,0,0
BRDA:199,19,1,0
BRDA:206,20,0,1
BRDA:206,20,1,1
BRDA:220,21,0,0
BRDA:220,21,1,0
BRDA:223,22,0,0
BRDA:223,22,1,0
BRDA:240,23,0,0
BRDA:240,23,1,0
BRF:49
BRH:24
end_of_record
TN:
SF:src/middleware/auth.middleware.js
FN:5,(anonymous_0)
FN:14,(anonymous_1)
FNF:2
FNH:2
FNDA:206,(anonymous_0)
FNDA:206,(anonymous_1)
DA:5,4
DA:6,206
DA:8,205
DA:9,205
DA:11,205
DA:14,4
DA:15,206
DA:16,206
DA:18,206
DA:19,1
DA:22,205
DA:24,205
DA:26,205
DA:27,0
DA:30,205
DA:31,0
DA:34,205
DA:35,205
DA:37,205
DA:39,0
LF:20
LH:17
BRDA:6,0,0,1
BRDA:6,0,1,205
BRDA:9,1,0,0
BRDA:9,1,1,205
BRDA:9,2,0,205
BRDA:9,2,1,205
BRDA:18,3,0,1
BRDA:18,3,1,205
BRDA:26,4,0,0
BRDA:26,4,1,205
BRDA:30,5,0,0
BRDA:30,5,1,205
BRF:12
BRH:9
end_of_record
TN:
SF:src/middleware/error-handler.js
FN:4,(anonymous_0)
FN:15,(anonymous_1)
FN:45,(anonymous_2)
FNF:3
FNH:1
FNDA:15,(anonymous_0)
FNDA:0,(anonymous_1)
FNDA:0,(anonymous_2)
DA:4,4
DA:5,15
DA:6,15
DA:14,0
DA:15,0
DA:19,0
DA:27,0
DA:28,0
DA:35,0
DA:36,0
DA:37,0
DA:44,0
DA:45,0
DA:49,0
DA:57,0
DA:63,0
DA:64,0
DA:70,0
DA:72,0
DA:73,0
DA:76,0
DA:78,0
LF:22
LH:3
BRDA:5,0,0,15
BRDA:5,0,1,0
BRDA:10,1,0,15
BRDA:10,1,1,5
BRDA:14,2,0,0
BRDA:14,2,1,0
BRDA:27,3,0,0
BRDA:27,3,1,0
BRDA:35,4,0,0
BRDA:35,4,1,0
BRDA:36,5,0,0
BRDA:36,5,1,0
BRDA:44,6,0,0
BRDA:44,6,1,0
BRDA:63,7,0,0
BRDA:63,7,1,0
BRDA:72,8,0,0
BRDA:72,8,1,0
BRDA:80,9,0,0
BRDA:80,9,1,0
BRDA:82,10,0,0
BRDA:82,10,1,0
BRF:22
BRH:3
end_of_record
TN:
SF:src/middleware/rate-limit.js
FNF:0
FNH:0
DA:3,4
LF:1
LH:1
BRF:0
BRH:0
end_of_record
TN:
SF:src/middleware/role.middleware.js
FN:3,(anonymous_0)
FN:3,(anonymous_1)
FNF:2
FNH:1
FNDA:8,(anonymous_0)
FNDA:0,(anonymous_1)
DA:3,8
DA:4,0
DA:5,0
DA:7,0
LF:4
LH:1
BRDA:4,0,0,0
BRDA:4,0,1,0
BRF:2
BRH:0
end_of_record
TN:
SF:src/middleware/sanitize.middleware.js
FN:1,(anonymous_0)
FN:16,(anonymous_1)
FN:23,(anonymous_2)
FN:29,(anonymous_3)
FNF:4
FNH:3
FNDA:1706,(anonymous_0)
FNDA:298,(anonymous_1)
FNDA:0,(anonymous_2)
FNDA:10,(anonymous_3)
DA:1,4
DA:2,1706
DA:3,1
DA:5,1705
DA:6,902
DA:7,902
DA:8,837
DA:9,837
DA:11,902
DA:13,803
DA:16,4
DA:17,298
DA:18,271
DA:21,298
DA:22,298
DA:23,298
DA:24,298
DA:27,298
DA:28,298
DA:29,298
DA:30,298
DA:33,298
LF:22
LH:22
BRDA:2,0,0,1
BRDA:2,0,1,1705
BRDA:5,1,0,902
BRDA:5,1,1,803
BRDA:5,2,0,1705
BRDA:5,2,1,1705
BRDA:17,3,0,271
BRDA:17,3,1,27
BRDA:21,4,0,298
BRDA:21,4,1,0
BRDA:27,5,0,298
BRDA:27,5,1,0
BRF:12
BRH:10
end_of_record
TN:
SF:src/middleware/upload.js
FN:4,(anonymous_0)
FNF:1
FNH:0
FNDA:0,(anonymous_0)
DA:4,4
DA:5,0
DA:6,0
DA:7,0
DA:9,0
DA:13,4
LF:6
LH:2
BRDA:6,0,0,0
BRDA:6,0,1,0
BRF:2
BRH:0
end_of_record
TN:
SF:src/middleware/validate.js
FN:4,(anonymous_0)
FN:4,(anonymous_1)
FN:15,(anonymous_2)
FNF:3
FNH:3
FNDA:96,(anonymous_0)
FNDA:287,(anonymous_1)
FNDA:5,(anonymous_2)
DA:4,96
DA:5,287
DA:6,287
DA:12,283
DA:14,4
DA:15,5
DA:20,4
DA:23,0
LF:8
LH:7
BRDA:14,0,0,4
BRDA:14,0,1,0
BRF:2
BRH:1
end_of_record
TN:
SF:src/models/Client.js
FNF:0
FNH:0
DA:3,4
DA:5,4
DA:59,4
DA:60,4
DA:62,4
LF:5
LH:5
BRF:0
BRH:0
end_of_record
TN:
SF:src/models/Company.js
FNF:0
FNH:0
DA:3,4
DA:5,4
DA:47,4
DA:49,4
LF:4
LH:4
BRF:0
BRH:0
end_of_record
TN:
SF:src/models/DeliveryNote.js
FNF:0
FNH:0
DA:3,4
DA:5,4
DA:93,4
DA:94,4
DA:96,4
LF:5
LH:5
BRF:0
BRH:0
end_of_record
TN:
SF:src/models/Project.js
FNF:0
FNH:0
DA:3,4
DA:5,4
DA:67,4
DA:68,4
DA:70,4
LF:5
LH:5
BRF:0
BRH:0
end_of_record
TN:
SF:src/models/RefreshToken.js
FN:41,(anonymous_0)
FNF:1
FNH:1
FNDA:1,(anonymous_0)
DA:3,4
DA:5,4
DA:41,4
DA:42,1
DA:43,1
DA:46,4
LF:6
LH:6
BRDA:43,0,0,1
BRDA:43,0,1,1
BRF:2
BRH:2
end_of_record
TN:
SF:src/models/User.js
FN:81,(anonymous_0)
FN:94,(anonymous_1)
FNF:2
FNH:2
FNDA:200,(anonymous_0)
FNDA:200,(anonymous_1)
DA:3,4
DA:5,4
DA:82,200
DA:83,200
DA:84,200
DA:85,200
DA:86,200
DA:92,4
DA:94,4
DA:95,200
DA:96,68
DA:99,4
LF:12
LH:12
BRDA:95,0,0,132
BRDA:95,0,1,68
BRDA:95,1,0,200
BRDA:95,1,1,132
BRF:4
BRH:4
end_of_record
TN:
SF:src/routes/client.routes.js
FNF:0
FNH:0
DA:7,4
DA:9,4
DA:46,4
DA:65,4
DA:91,4
DA:114,4
DA:138,4
DA:158,4
DA:177,4
LF:9
LH:9
BRF:0
BRH:0
end_of_record
TN:
SF:src/routes/deliverynote.routes.js
FNF:0
FNH:0
DA:8,4
DA:10,4
DA:56,4
DA:96,4
DA:120,4
DA:143,4
DA:172,4
DA:191,4
LF:8
LH:8
BRF:0
BRH:0
end_of_record
TN:
SF:src/routes/index.js
FNF:0
FNH:0
DA:7,4
DA:9,4
DA:10,4
DA:11,4
DA:12,4
LF:5
LH:5
BRF:0
BRH:0
end_of_record
TN:
SF:src/routes/project.routes.js
FNF:0
FNH:0
DA:7,4
DA:9,4
DA:48,4
DA:60,4
DA:92,4
DA:115,4
DA:137,4
DA:157,4
DA:174,4
LF:9
LH:9
BRF:0
BRH:0
end_of_record
TN:
SF:src/routes/user.routes.js
FNF:0
FNH:0
DA:9,4
DA:45,4
DA:68,4
DA:93,4
DA:116,4
DA:142,4
DA:164,4
DA:180,4
DA:201,4
DA:213,4
DA:232,4
DA:253,4
DA:274,4
LF:13
LH:13
BRF:0
BRH:0
end_of_record
TN:
SF:src/services/mail.service.js
FN:14,(anonymous_0)
FN:29,(anonymous_1)
FNF:2
FNH:1
FNDA:46,(anonymous_0)
FNDA:0,(anonymous_1)
DA:4,4
DA:14,4
DA:15,46
DA:16,0
DA:29,4
DA:30,0
DA:31,0
LF:7
LH:4
BRDA:15,0,0,46
BRDA:15,0,1,0
BRDA:30,1,0,0
BRDA:30,1,1,0
BRF:4
BRH:1
end_of_record
TN:
SF:src/services/notification.service.js
FN:5,(anonymous_0)
FN:9,(anonymous_1)
FN:13,(anonymous_2)
FN:17,(anonymous_3)
FN:24,(anonymous_4)
FN:32,(anonymous_5)
FN:40,(anonymous_6)
FN:44,(anonymous_7)
FNF:8
FNH:4
FNDA:46,(anonymous_0)
FNDA:43,(anonymous_1)
FNDA:0,(anonymous_2)
FNDA:0,(anonymous_3)
FNDA:46,(anonymous_4)
FNDA:0,(anonymous_5)
FNDA:43,(anonymous_6)
FNDA:0,(anonymous_7)
DA:6,46
DA:10,43
DA:14,0
DA:18,0
DA:22,4
DA:24,4
DA:25,46
DA:26,46
DA:28,0
DA:32,4
DA:33,0
DA:34,0
DA:36,0
DA:40,4
DA:41,43
DA:44,4
DA:45,0
LF:17
LH:10
BRF:0
BRH:0
end_of_record
TN:
SF:src/utils/AppError.js
FN:2,(anonymous_0)
FN:12,(anonymous_1)
FN:16,(anonymous_2)
FN:20,(anonymous_3)
FN:24,(anonymous_4)
FN:28,(anonymous_5)
FN:32,(anonymous_6)
FN:36,(anonymous_7)
FN:40,(anonymous_8)
FNF:9
FNH:6
FNDA:15,(anonymous_0)
FNDA:5,(anonymous_1)
FNDA:3,(anonymous_2)
FNDA:1,(anonymous_3)
FNDA:4,(anonymous_4)
FNDA:2,(anonymous_5)
FNDA:0,(anonymous_6)
FNDA:0,(anonymous_7)
FNDA:0,(anonymous_8)
DA:3,15
DA:4,15
DA:5,15
DA:6,15
DA:7,15
DA:9,15
DA:13,5
DA:17,3
DA:21,1
DA:25,4
DA:29,2
DA:33,0
DA:37,0
DA:41,0
LF:14
LH:11
BRDA:2,0,0,0
BRDA:2,1,0,0
BRDA:2,2,0,0
BRDA:12,3,0,0
BRDA:12,4,0,0
BRDA:12,5,0,5
BRDA:16,6,0,0
BRDA:16,7,0,3
BRDA:16,8,0,3
BRDA:20,9,0,0
BRDA:20,10,0,1
BRDA:20,11,0,1
BRDA:24,12,0,0
BRDA:24,13,0,4
BRDA:24,14,0,4
BRDA:28,15,0,0
BRDA:28,16,0,2
BRDA:28,17,0,2
BRDA:32,18,0,0
BRDA:32,19,0,0
BRDA:32,20,0,0
BRDA:36,21,0,0
BRDA:36,22,0,0
BRDA:36,23,0,0
BRDA:40,24,0,0
BRDA:40,25,0,0
BRDA:40,26,0,0
BRF:27
BRH:9
end_of_record
TN:
SF:src/utils/handleJWT.js
FN:10,(anonymous_0)
FN:21,(anonymous_1)
FN:25,(anonymous_2)
FN:31,(anonymous_3)
FNF:4
FNH:4
FNDA:88,(anonymous_0)
FNDA:88,(anonymous_1)
FNDA:88,(anonymous_2)
FNDA:205,(anonymous_3)
DA:6,4
DA:7,4
DA:8,4
DA:10,4
DA:11,88
DA:21,4
DA:22,88
DA:25,4
DA:26,88
DA:27,88
DA:28,88
DA:31,4
DA:32,205
DA:33,205
DA:35,0
DA:36,0
DA:38,0
DA:39,0
DA:41,0
LF:19
LH:14
BRDA:35,0,0,0
BRDA:35,0,1,0
BRDA:38,1,0,0
BRDA:38,1,1,0
BRF:4
BRH:0
end_of_record
TN:
SF:src/utils/handlePassword.js
FN:5,(anonymous_0)
FN:9,(anonymous_1)
FNF:2
FNH:2
FNDA:47,(anonymous_0)
FNDA:45,(anonymous_1)
DA:3,4
DA:5,4
DA:6,47
DA:9,4
DA:10,45
LF:5
LH:5
BRF:0
BRH:0
end_of_record
TN:
SF:src/validators/client.validator.js
FNF:0
FNH:0
DA:3,4
DA:5,4
DA:13,4
DA:23,4
DA:36,4
LF:5
LH:5
BRF:0
BRH:0
end_of_record
TN:
SF:src/validators/deliverynote.validator.js
FN:17,(anonymous_0)
FNF:1
FNH:1
FNDA:9,(anonymous_0)
DA:3,4
DA:18,9
DA:19,0
DA:21,9
DA:22,0
DA:27,4
LF:6
LH:4
BRDA:18,0,0,0
BRDA:18,0,1,9
BRDA:18,1,0,9
BRDA:18,1,1,1
BRDA:21,2,0,0
BRDA:21,2,1,9
BRDA:21,3,0,9
BRDA:21,3,1,8
BRDA:21,3,2,1
BRDA:21,3,3,1
BRF:10
BRH:8
end_of_record
TN:
SF:src/validators/project.validator.js
FNF:0
FNH:0
DA:3,4
DA:11,4
DA:23,4
DA:38,4
LF:4
LH:4
BRF:0
BRH:0
end_of_record
TN:
SF:src/validators/user.validator.js
FN:62,(anonymous_0)
FN:70,(anonymous_1)
FNF:2
FNH:1
FNDA:0,(anonymous_0)
FNDA:2,(anonymous_1)
DA:3,4
DA:4,4
DA:5,4
DA:6,4
DA:8,4
DA:16,4
DA:25,4
DA:34,4
DA:40,4
DA:54,4
DA:60,4
DA:62,0
DA:66,4
DA:70,2
LF:14
LH:13
BRF:0
BRH:0
end_of_record
